# JRE version: Java(TM) SE Runtime Environment (8.0_45-b14) (build 1.8.0_45-b14)
# Java VM: Java HotSpot(TM) 64-Bit Server VM (25.45-b02 mixed mode linux-amd64 compressed oops)
Heap:
 PSYoungGen      total 465920K, used 0K [0x00000000d5580000, 0x0000000100000000, 0x0000000100000000)
  eden space 232960K, 0% used [0x00000000d5580000,0x00000000d5580000,0x00000000e3900000)
  from space 232960K, 0% used [0x00000000e3900000,0x00000000e3900000,0x00000000f1c80000)
  to   space 232960K, 0% used [0x00000000f1c80000,0x00000000f1c80000,0x0000000100000000)
 ParOldGen       total 1366016K, used 869149K [0x0000000080000000, 0x00000000d3600000, 0x00000000d5580000)
  object space 1366016K, 63% used [0x0000000080000000,0x00000000b50c7650,0x00000000d3600000)
 Metaspace       used 2506K, capacity 4564K, committed 4864K, reserved 1056768K
  class space    used 268K, capacity 388K, committed 512K, reserved 1048576K
GC Heap History (10 events):
Event: 91.765 GC heap after
Heap after GC invocations=105 (full 16):
 PSYoungGen      total 465920K, used 206015K [0x00000000d5580000, 0x0000000100000000, 0x0000000100000000)
  eden space 232960K, 0% used [0x00000000d5580000,0x00000000d5580000,0x00000000e3900000)
  from space 232960K, 88% used [0x00000000e3900000,0x00000000f022ffe0,0x00000000f1c80000)
  to   space 232960K, 0% used [0x00000000f1c80000,0x00000000f1c80000,0x0000000100000000)
 ParOldGen       total 1366016K, used 962736K [0x0000000080000000, 0x00000000d3600000, 0x00000000d5580000)
  object space 1366016K, 70% used [0x0000000080000000,0x00000000bac2c218,0x00000000d3600000)
 Metaspace       used 2506K, capacity 4564K, committed 4864K, reserved 1056768K
  class space    used 268K, capacity 388K, committed 512K, reserved 1048576K
}
Event: 92.841 GC heap before
{Heap before GC invocations=106 (full 16):
 PSYoungGen      total 465920K, used 438975K [0x00000000d5580000, 0x0000000100000000, 0x0000000100000000)
  eden space 232960K, 100% used [0x00000000d5580000,0x00000000e3900000,0x00000000e3900000)
  from space 232960K, 88% used [0x00000000e3900000,0x00000000f022ffe0,0x00000000f1c80000)
  to   space 232960K, 0% used [0x00000000f1c80000,0x00000000f1c80000,0x0000000100000000)
 ParOldGen       total 1366016K, used 962736K [0x0000000080000000, 0x00000000d3600000, 0x00000000d5580000)
  object space 1366016K, 70% used [0x0000000080000000,0x00000000bac2c218,0x00000000d3600000)
 Metaspace       used 2506K, capacity 4564K, committed 4864K, reserved 1056768K
  class space    used 268K, capacity 388K, committed 512K, reserved 1048576K
Event: 93.711 GC heap after
Heap after GC invocations=106 (full 16):
 PSYoungGen      total 465920K, used 225983K [0x00000000d5580000, 0x0000000100000000, 0x0000000100000000)
  eden space 232960K, 0% used [0x00000000d5580000,0x00000000d5580000,0x00000000e3900000)
  from space 232960K, 97% used [0x00000000f1c80000,0x00000000ff92ffd0,0x0000000100000000)
  to   space 232960K, 0% used [0x00000000e3900000,0x00000000e3900000,0x00000000f1c80000)
 ParOldGen       total 1366016K, used 962736K [0x0000000080000000, 0x00000000d3600000, 0x00000000d5580000)
  object space 1366016K, 70% used [0x0000000080000000,0x00000000bac2c218,0x00000000d3600000)
 Metaspace       used 2506K, capacity 4564K, committed 4864K, reserved 1056768K
  class space    used 268K, capacity 388K, committed 512K, reserved 1048576K
}
Event: 96.868 GC heap before
{Heap before GC invocations=107 (full 16):
 PSYoungGen      total 465920K, used 458943K [0x00000000d5580000, 0x0000000100000000, 0x0000000100000000)
  eden space 232960K, 100% used [0x00000000d5580000,0x00000000e3900000,0x00000000e3900000)
  from space 232960K, 97% used [0x00000000f1c80000,0x00000000ff92ffd0,0x0000000100000000)
  to   space 232960K, 0% used [0x00000000e3900000,0x00000000e3900000,0x00000000f1c80000)
 ParOldGen       total 1366016K, used 962736K [0x0000000080000000, 0x00000000d3600000, 0x00000000d5580000)
  object space 1366016K, 70% used [0x0000000080000000,0x00000000bac2c218,0x00000000d3600000)
 Metaspace       used 2506K, capacity 4564K, committed 4864K, reserved 1056768K
  class space    used 268K, capacity 388K, committed 512K, reserved 1048576K
Event: 97.911 GC heap after
Heap after GC invocations=107 (full 16):
 PSYoungGen      total 465920K, used 232959K [0x00000000d5580000, 0x0000000100000000, 0x0000000100000000)
  eden space 232960K, 0% used [0x00000000d5580000,0x00000000d5580000,0x00000000e3900000)
  from space 232960K, 99% used [0x00000000e3900000,0x00000000f1c7ffe0,0x00000000f1c80000)
  to   space 232960K, 0% used [0x00000000f1c80000,0x00000000f1c80000,0x0000000100000000)
 ParOldGen       total 1366016K, used 1082640K [0x0000000080000000, 0x00000000d3600000, 0x00000000d5580000)
  object space 1366016K, 79% used [0x0000000080000000,0x00000000c21441f8,0x00000000d3600000)
 Metaspace       used 2506K, capacity 4564K, committed 4864K, reserved 1056768K
  class space    used 268K, capacity 388K, committed 512K, reserved 1048576K
}
Event: 98.914 GC heap before
{Heap before GC invocations=108 (full 16):
 PSYoungGen      total 465920K, used 465919K [0x00000000d5580000, 0x0000000100000000, 0x0000000100000000)
  eden space 232960K, 100% used [0x00000000d5580000,0x00000000e3900000,0x00000000e3900000)
  from space 232960K, 99% used [0x00000000e3900000,0x00000000f1c7ffe0,0x00000000f1c80000)
  to   space 232960K, 0% used [0x00000000f1c80000,0x00000000f1c80000,0x0000000100000000)
 ParOldGen       total 1366016K, used 1082640K [0x0000000080000000, 0x00000000d3600000, 0x00000000d5580000)
  object space 1366016K, 79% used [0x0000000080000000,0x00000000c21441f8,0x00000000d3600000)
 Metaspace       used 2506K, capacity 4564K, committed 4864K, reserved 1056768K
  class space    used 268K, capacity 388K, committed 512K, reserved 1048576K
Event: 99.768 GC heap after
Heap after GC invocations=108 (full 16):
 PSYoungGen      total 465920K, used 232959K [0x00000000d5580000, 0x0000000100000000, 0x0000000100000000)
  eden space 232960K, 0% used [0x00000000d5580000,0x00000000d5580000,0x00000000e3900000)
  from space 232960K, 99% used [0x00000000f1c80000,0x00000000ffffffe0,0x0000000100000000)
  to   space 232960K, 0% used [0x00000000e3900000,0x00000000e3900000,0x00000000f1c80000)
 ParOldGen       total 1366016K, used 1160440K [0x0000000080000000, 0x00000000d3600000, 0x00000000d5580000)
  object space 1366016K, 84% used [0x0000000080000000,0x00000000c6d3e1e8,0x00000000d3600000)
 Metaspace       used 2506K, capacity 4564K, committed 4864K, reserved 1056768K
  class space    used 268K, capacity 388K, committed 512K, reserved 1048576K
}
Event: 101.868 GC heap before
{Heap before GC invocations=109 (full 16):
 PSYoungGen      total 465920K, used 465919K [0x00000000d5580000, 0x0000000100000000, 0x0000000100000000)
  eden space 232960K, 100% used [0x00000000d5580000,0x00000000e3900000,0x00000000e3900000)
  from space 232960K, 99% used [0x00000000f1c80000,0x00000000ffffffe0,0x0000000100000000)
  to   space 232960K, 0% used [0x00000000e3900000,0x00000000e3900000,0x00000000f1c80000)
 ParOldGen       total 1366016K, used 1160440K [0x0000000080000000, 0x00000000d3600000, 0x00000000d5580000)
  object space 1366016K, 84% used [0x0000000080000000,0x00000000c6d3e1e8,0x00000000d3600000)
 Metaspace       used 2506K, capacity 4564K, committed 4864K, reserved 1056768K
  class space    used 268K, capacity 388K, committed 512K, reserved 1048576K
Event: 103.671 GC heap after
Heap after GC invocations=109 (full 16):
 PSYoungGen      total 465920K, used 232959K [0x00000000d5580000, 0x0000000100000000, 0x0000000100000000)
  eden space 232960K, 0% used [0x00000000d5580000,0x00000000d5580000,0x00000000e3900000)
  from space 232960K, 99% used [0x00000000e3900000,0x00000000f1c7ffe0,0x00000000f1c80000)
  to   space 232960K, 0% used [0x00000000f1c80000,0x00000000f1c80000,0x0000000100000000)
 ParOldGen       total 1366016K, used 1287392K [0x0000000080000000, 0x00000000d3600000, 0x00000000d5580000)
  object space 1366016K, 94% used [0x0000000080000000,0x00000000ce9381d8,0x00000000d3600000)
 Metaspace       used 2506K, capacity 4564K, committed 4864K, reserved 1056768K
  class space    used 268K, capacity 388K, committed 512K, reserved 1048576K
}
Event: 104.095 GC heap before
{Heap before GC invocations=110 (full 17):
 PSYoungGen      total 465920K, used 232959K [0x00000000d5580000, 0x0000000100000000, 0x0000000100000000)
  eden space 232960K, 0% used [0x00000000d5580000,0x00000000d5580000,0x00000000e3900000)
  from space 232960K, 99% used [0x00000000e3900000,0x00000000f1c7ffe0,0x00000000f1c80000)
  to   space 232960K, 0% used [0x00000000f1c80000,0x00000000f1c80000,0x0000000100000000)
 ParOldGen       total 1366016K, used 1287392K [0x0000000080000000, 0x00000000d3600000, 0x00000000d5580000)
  object space 1366016K, 94% used [0x0000000080000000,0x00000000ce9381d8,0x00000000d3600000)
 Metaspace       used 2506K, capacity 4564K, committed 4864K, reserved 1056768K
  class space    used 268K, capacity 388K, committed 512K, reserved 1048576K

