# JRE version: Java(TM) SE Runtime Environment (8.0_45-b14) (build 1.8.0_45-b14)
# Java VM: Java HotSpot(TM) 64-Bit Server VM (25.45-b02 mixed mode linux-amd64 compressed oops)
Heap:
 PSYoungGen      total 297984K, used 4417K [0x00000000d5580000, 0x00000000f6580000, 0x0000000100000000)
  eden space 65024K, 0% used [0x00000000d5580000,0x00000000d5580000,0x00000000d9500000)
  from space 232960K, 1% used [0x00000000d9500000,0x00000000d9950460,0x00000000e7880000)
  to   space 232960K, 0% used [0x00000000e8200000,0x00000000e8200000,0x00000000f6580000)
 ParOldGen       total 1228800K, used 1228343K [0x0000000080000000, 0x00000000cb000000, 0x00000000d5580000)
  object space 1228800K, 99% used [0x0000000080000000,0x00000000caf8de38,0x00000000cb000000)
 Metaspace       used 2521K, capacity 4564K, committed 4864K, reserved 1056768K
  class space    used 268K, capacity 388K, committed 512K, reserved 1048576K
GC Heap History (10 events):
Event: 24.683 GC heap after
Heap after GC invocations=36 (full 8):
 PSYoungGen      total 289792K, used 195904K [0x00000000d5580000, 0x00000000f5480000, 0x0000000100000000)
  eden space 56832K, 0% used [0x00000000d5580000,0x00000000d5580000,0x00000000d8d00000)
  from space 232960K, 84% used [0x00000000e7080000,0x00000000f2fd0000,0x00000000f5400000)
  to   space 232960K, 0% used [0x00000000d8d00000,0x00000000d8d00000,0x00000000e7080000)
 ParOldGen       total 977408K, used 869910K [0x0000000080000000, 0x00000000bba80000, 0x00000000d5580000)
  object space 977408K, 89% used [0x0000000080000000,0x00000000b51859e0,0x00000000bba80000)
 Metaspace       used 2503K, capacity 4564K, committed 4864K, reserved 1056768K
  class space    used 268K, capacity 388K, committed 512K, reserved 1048576K
}
Event: 25.109 GC heap before
{Heap before GC invocations=37 (full 8):
 PSYoungGen      total 289792K, used 252736K [0x00000000d5580000, 0x00000000f5480000, 0x0000000100000000)
  eden space 56832K, 100% used [0x00000000d5580000,0x00000000d8d00000,0x00000000d8d00000)
  from space 232960K, 84% used [0x00000000e7080000,0x00000000f2fd0000,0x00000000f5400000)
  to   space 232960K, 0% used [0x00000000d8d00000,0x00000000d8d00000,0x00000000e7080000)
 ParOldGen       total 977408K, used 869910K [0x0000000080000000, 0x00000000bba80000, 0x00000000d5580000)
  object space 977408K, 89% used [0x0000000080000000,0x00000000b51859e0,0x00000000bba80000)
 Metaspace       used 2503K, capacity 4564K, committed 4864K, reserved 1056768K
  class space    used 268K, capacity 388K, committed 512K, reserved 1048576K
Event: 25.766 GC heap after
Heap after GC invocations=37 (full 8):
 PSYoungGen      total 289792K, used 156416K [0x00000000d5580000, 0x00000000f5c80000, 0x0000000100000000)
  eden space 56832K, 0% used [0x00000000d5580000,0x00000000d5580000,0x00000000d8d00000)
  from space 232960K, 67% used [0x00000000d8d00000,0x00000000e25c0000,0x00000000e7080000)
  to   space 232960K, 0% used [0x00000000e7900000,0x00000000e7900000,0x00000000f5c80000)
 ParOldGen       total 977408K, used 966494K [0x0000000080000000, 0x00000000bba80000, 0x00000000d5580000)
  object space 977408K, 98% used [0x0000000080000000,0x00000000bafd79e0,0x00000000bba80000)
 Metaspace       used 2503K, capacity 4564K, committed 4864K, reserved 1056768K
  class space    used 268K, capacity 388K, committed 512K, reserved 1048576K
}
Event: 25.766 GC heap before
{Heap before GC invocations=38 (full 9):
 PSYoungGen      total 289792K, used 156416K [0x00000000d5580000, 0x00000000f5c80000, 0x0000000100000000)
  eden space 56832K, 0% used [0x00000000d5580000,0x00000000d5580000,0x00000000d8d00000)
  from space 232960K, 67% used [0x00000000d8d00000,0x00000000e25c0000,0x00000000e7080000)
  to   space 232960K, 0% used [0x00000000e7900000,0x00000000e7900000,0x00000000f5c80000)
 ParOldGen       total 977408K, used 966494K [0x0000000080000000, 0x00000000bba80000, 0x00000000d5580000)
  object space 977408K, 98% used [0x0000000080000000,0x00000000bafd79e0,0x00000000bba80000)
 Metaspace       used 2503K, capacity 4564K, committed 4864K, reserved 1056768K
  class space    used 268K, capacity 388K, committed 512K, reserved 1048576K
Event: 29.386 GC heap after
Heap after GC invocations=38 (full 9):
 PSYoungGen      total 289792K, used 144906K [0x00000000d5580000, 0x00000000f5c80000, 0x0000000100000000)
  eden space 56832K, 0% used [0x00000000d5580000,0x00000000d5580000,0x00000000d8d00000)
  from space 232960K, 62% used [0x00000000d8d00000,0x00000000e1a828a0,0x00000000e7080000)
  to   space 232960K, 0% used [0x00000000e7900000,0x00000000e7900000,0x00000000f5c80000)
 ParOldGen       total 1228800K, used 976996K [0x0000000080000000, 0x00000000cb000000, 0x00000000d5580000)
  object space 1228800K, 79% used [0x0000000080000000,0x00000000bba19228,0x00000000cb000000)
 Metaspace       used 2503K, capacity 4564K, committed 4864K, reserved 1056768K
  class space    used 268K, capacity 388K, committed 512K, reserved 1048576K
}
Event: 29.812 GC heap before
{Heap before GC invocations=39 (full 9):
 PSYoungGen      total 289792K, used 201738K [0x00000000d5580000, 0x00000000f5c80000, 0x0000000100000000)
  eden space 56832K, 100% used [0x00000000d5580000,0x00000000d8d00000,0x00000000d8d00000)
  from space 232960K, 62% used [0x00000000d8d00000,0x00000000e1a828a0,0x00000000e7080000)
  to   space 232960K, 0% used [0x00000000e7900000,0x00000000e7900000,0x00000000f5c80000)
 ParOldGen       total 1228800K, used 976996K [0x0000000080000000, 0x00000000cb000000, 0x00000000d5580000)
  object space 1228800K, 79% used [0x0000000080000000,0x00000000bba19228,0x00000000cb000000)
 Metaspace       used 2503K, capacity 4564K, committed 4864K, reserved 1056768K
  class space    used 268K, capacity 388K, committed 512K, reserved 1048576K
Event: 30.456 GC heap after
Heap after GC invocations=39 (full 9):
 PSYoungGen      total 297472K, used 107904K [0x00000000d5580000, 0x00000000f5c00000, 0x0000000100000000)
  eden space 65024K, 0% used [0x00000000d5580000,0x00000000d5580000,0x00000000d9500000)
  from space 232448K, 46% used [0x00000000e7900000,0x00000000ee260000,0x00000000f5c00000)
  to   space 232960K, 0% used [0x00000000d9500000,0x00000000d9500000,0x00000000e7880000)
 ParOldGen       total 1228800K, used 1071380K [0x0000000080000000, 0x00000000cb000000, 0x00000000d5580000)
  object space 1228800K, 87% used [0x0000000080000000,0x00000000c1645228,0x00000000cb000000)
 Metaspace       used 2503K, capacity 4564K, committed 4864K, reserved 1056768K
  class space    used 268K, capacity 388K, committed 512K, reserved 1048576K
}
Event: 30.853 GC heap before
{Heap before GC invocations=40 (full 9):
 PSYoungGen      total 297472K, used 169182K [0x00000000d5580000, 0x00000000f5c00000, 0x0000000100000000)
  eden space 65024K, 94% used [0x00000000d5580000,0x00000000d9157838,0x00000000d9500000)
  from space 232448K, 46% used [0x00000000e7900000,0x00000000ee260000,0x00000000f5c00000)
  to   space 232960K, 0% used [0x00000000d9500000,0x00000000d9500000,0x00000000e7880000)
 ParOldGen       total 1228800K, used 1071380K [0x0000000080000000, 0x00000000cb000000, 0x00000000d5580000)
  object space 1228800K, 87% used [0x0000000080000000,0x00000000c1645228,0x00000000cb000000)
 Metaspace       used 2521K, capacity 4564K, committed 4864K, reserved 1056768K
  class space    used 268K, capacity 388K, committed 512K, reserved 1048576K
Event: 31.236 GC heap after
Heap after GC invocations=40 (full 9):
 PSYoungGen      total 297984K, used 54112K [0x00000000d5580000, 0x00000000f6580000, 0x0000000100000000)
  eden space 65024K, 0% used [0x00000000d5580000,0x00000000d5580000,0x00000000d9500000)
  from space 232960K, 23% used [0x00000000d9500000,0x00000000dc9d8020,0x00000000e7880000)
  to   space 232960K, 0% used [0x00000000e8200000,0x00000000e8200000,0x00000000f6580000)
 ParOldGen       total 1228800K, used 1179404K [0x0000000080000000, 0x00000000cb000000, 0x00000000d5580000)
  object space 1228800K, 95% used [0x0000000080000000,0x00000000c7fc3228,0x00000000cb000000)
 Metaspace       used 2521K, capacity 4564K, committed 4864K, reserved 1056768K
  class space    used 268K, capacity 388K, committed 512K, reserved 1048576K
}
Event: 31.236 GC heap before
{Heap before GC invocations=41 (full 10):
 PSYoungGen      total 297984K, used 54112K [0x00000000d5580000, 0x00000000f6580000, 0x0000000100000000)
  eden space 65024K, 0% used [0x00000000d5580000,0x00000000d5580000,0x00000000d9500000)
  from space 232960K, 23% used [0x00000000d9500000,0x00000000dc9d8020,0x00000000e7880000)
  to   space 232960K, 0% used [0x00000000e8200000,0x00000000e8200000,0x00000000f6580000)
 ParOldGen       total 1228800K, used 1179404K [0x0000000080000000, 0x00000000cb000000, 0x00000000d5580000)
  object space 1228800K, 95% used [0x0000000080000000,0x00000000c7fc3228,0x00000000cb000000)
 Metaspace       used 2521K, capacity 4564K, committed 4864K, reserved 1056768K
  class space    used 268K, capacity 388K, committed 512K, reserved 1048576K

