# JRE version: Java(TM) SE Runtime Environment (8.0_45-b14) (build 1.8.0_45-b14)
# Java VM: Java HotSpot(TM) 64-Bit Server VM (25.45-b02 mixed mode linux-amd64 compressed oops)
Heap:
 PSYoungGen      total 302592K, used 0K [0x00000000d5580000, 0x00000000f6b80000, 0x0000000100000000)
  eden space 69632K, 0% used [0x00000000d5580000,0x00000000d5580000,0x00000000d9980000)
  from space 232960K, 0% used [0x00000000d9980000,0x00000000d9980000,0x00000000e7d00000)
  to   space 232960K, 0% used [0x00000000e8800000,0x00000000e8800000,0x00000000f6b80000)
 ParOldGen       total 1139712K, used 1136291K [0x0000000080000000, 0x00000000c5900000, 0x00000000d5580000)
  object space 1139712K, 99% used [0x0000000080000000,0x00000000c55a8d20,0x00000000c5900000)
 Metaspace       used 2503K, capacity 4564K, committed 4864K, reserved 1056768K
  class space    used 268K, capacity 388K, committed 512K, reserved 1048576K
GC Heap History (10 events):
Event: 17.401 GC heap after
Heap after GC invocations=28 (full 6):
 PSYoungGen      total 267264K, used 179936K [0x00000000d5580000, 0x00000000f5f80000, 0x0000000100000000)
  eden space 57856K, 0% used [0x00000000d5580000,0x00000000d5580000,0x00000000d8e00000)
  from space 209408K, 85% used [0x00000000e6d00000,0x00000000f1cb8000,0x00000000f3980000)
  to   space 228352K, 0% used [0x00000000d8e00000,0x00000000d8e00000,0x00000000e6d00000)
 ParOldGen       total 928256K, used 798982K [0x0000000080000000, 0x00000000b8a80000, 0x00000000d5580000)
  object space 928256K, 86% used [0x0000000080000000,0x00000000b0c419f0,0x00000000b8a80000)
 Metaspace       used 2503K, capacity 4564K, committed 4864K, reserved 1056768K
  class space    used 268K, capacity 388K, committed 512K, reserved 1048576K
}
Event: 17.672 GC heap before
{Heap before GC invocations=29 (full 6):
 PSYoungGen      total 267264K, used 237792K [0x00000000d5580000, 0x00000000f5f80000, 0x0000000100000000)
  eden space 57856K, 100% used [0x00000000d5580000,0x00000000d8e00000,0x00000000d8e00000)
  from space 209408K, 85% used [0x00000000e6d00000,0x00000000f1cb8000,0x00000000f3980000)
  to   space 228352K, 0% used [0x00000000d8e00000,0x00000000d8e00000,0x00000000e6d00000)
 ParOldGen       total 928256K, used 798982K [0x0000000080000000, 0x00000000b8a80000, 0x00000000d5580000)
  object space 928256K, 86% used [0x0000000080000000,0x00000000b0c419f0,0x00000000b8a80000)
 Metaspace       used 2503K, capacity 4564K, committed 4864K, reserved 1056768K
  class space    used 268K, capacity 388K, committed 512K, reserved 1048576K
Event: 18.229 GC heap after
Heap after GC invocations=29 (full 6):
 PSYoungGen      total 286208K, used 185056K [0x00000000d5580000, 0x00000000f6280000, 0x0000000100000000)
  eden space 57856K, 0% used [0x00000000d5580000,0x00000000d5580000,0x00000000d8e00000)
  from space 228352K, 81% used [0x00000000d8e00000,0x00000000e42b8000,0x00000000e6d00000)
  to   space 232960K, 0% used [0x00000000e7f00000,0x00000000e7f00000,0x00000000f6280000)
 ParOldGen       total 928256K, used 851926K [0x0000000080000000, 0x00000000b8a80000, 0x00000000d5580000)
  object space 928256K, 91% used [0x0000000080000000,0x00000000b3ff59f0,0x00000000b8a80000)
 Metaspace       used 2503K, capacity 4564K, committed 4864K, reserved 1056768K
  class space    used 268K, capacity 388K, committed 512K, reserved 1048576K
}
Event: 18.229 GC heap before
{Heap before GC invocations=30 (full 7):
 PSYoungGen      total 286208K, used 185056K [0x00000000d5580000, 0x00000000f6280000, 0x0000000100000000)
  eden space 57856K, 0% used [0x00000000d5580000,0x00000000d5580000,0x00000000d8e00000)
  from space 228352K, 81% used [0x00000000d8e00000,0x00000000e42b8000,0x00000000e6d00000)
  to   space 232960K, 0% used [0x00000000e7f00000,0x00000000e7f00000,0x00000000f6280000)
 ParOldGen       total 928256K, used 851926K [0x0000000080000000, 0x00000000b8a80000, 0x00000000d5580000)
  object space 928256K, 91% used [0x0000000080000000,0x00000000b3ff59f0,0x00000000b8a80000)
 Metaspace       used 2503K, capacity 4564K, committed 4864K, reserved 1056768K
  class space    used 268K, capacity 388K, committed 512K, reserved 1048576K
Event: 21.032 GC heap after
Heap after GC invocations=30 (full 7):
 PSYoungGen      total 286208K, used 108132K [0x00000000d5580000, 0x00000000f6280000, 0x0000000100000000)
  eden space 57856K, 0% used [0x00000000d5580000,0x00000000d5580000,0x00000000d8e00000)
  from space 228352K, 47% used [0x00000000d8e00000,0x00000000df7992a0,0x00000000e6d00000)
  to   space 232960K, 0% used [0x00000000e7f00000,0x00000000e7f00000,0x00000000f6280000)
 ParOldGen       total 1139712K, used 928209K [0x0000000080000000, 0x00000000c5900000, 0x00000000d5580000)
  object space 1139712K, 81% used [0x0000000080000000,0x00000000b8a74710,0x00000000c5900000)
 Metaspace       used 2503K, capacity 4564K, committed 4864K, reserved 1056768K
  class space    used 268K, capacity 388K, committed 512K, reserved 1048576K
}
Event: 21.308 GC heap before
{Heap before GC invocations=31 (full 7):
 PSYoungGen      total 286208K, used 165988K [0x00000000d5580000, 0x00000000f6280000, 0x0000000100000000)
  eden space 57856K, 100% used [0x00000000d5580000,0x00000000d8e00000,0x00000000d8e00000)
  from space 228352K, 47% used [0x00000000d8e00000,0x00000000df7992a0,0x00000000e6d00000)
  to   space 232960K, 0% used [0x00000000e7f00000,0x00000000e7f00000,0x00000000f6280000)
 ParOldGen       total 1139712K, used 928209K [0x0000000080000000, 0x00000000c5900000, 0x00000000d5580000)
  object space 1139712K, 81% used [0x0000000080000000,0x00000000b8a74710,0x00000000c5900000)
 Metaspace       used 2503K, capacity 4564K, committed 4864K, reserved 1056768K
  class space    used 268K, capacity 388K, committed 512K, reserved 1048576K
Event: 21.923 GC heap after
Heap after GC invocations=31 (full 7):
 PSYoungGen      total 300544K, used 86592K [0x00000000d5580000, 0x00000000f6080000, 0x0000000100000000)
  eden space 69632K, 0% used [0x00000000d5580000,0x00000000d5580000,0x00000000d9980000)
  from space 230912K, 37% used [0x00000000e7f00000,0x00000000ed390000,0x00000000f6080000)
  to   space 232960K, 0% used [0x00000000d9980000,0x00000000d9980000,0x00000000e7d00000)
 ParOldGen       total 1139712K, used 1008065K [0x0000000080000000, 0x00000000c5900000, 0x00000000d5580000)
  object space 1139712K, 88% used [0x0000000080000000,0x00000000bd870710,0x00000000c5900000)
 Metaspace       used 2503K, capacity 4564K, committed 4864K, reserved 1056768K
  class space    used 268K, capacity 388K, committed 512K, reserved 1048576K
}
Event: 22.127 GC heap before
{Heap before GC invocations=32 (full 7):
 PSYoungGen      total 300544K, used 129763K [0x00000000d5580000, 0x00000000f6080000, 0x0000000100000000)
  eden space 69632K, 62% used [0x00000000d5580000,0x00000000d7fa8f70,0x00000000d9980000)
  from space 230912K, 37% used [0x00000000e7f00000,0x00000000ed390000,0x00000000f6080000)
  to   space 232960K, 0% used [0x00000000d9980000,0x00000000d9980000,0x00000000e7d00000)
 ParOldGen       total 1139712K, used 1008065K [0x0000000080000000, 0x00000000c5900000, 0x00000000d5580000)
  object space 1139712K, 88% used [0x0000000080000000,0x00000000bd870710,0x00000000c5900000)
 Metaspace       used 2503K, capacity 4564K, committed 4864K, reserved 1056768K
  class space    used 268K, capacity 388K, committed 512K, reserved 1048576K
Event: 22.524 GC heap after
Heap after GC invocations=32 (full 7):
 PSYoungGen      total 302592K, used 42176K [0x00000000d5580000, 0x00000000f6b80000, 0x0000000100000000)
  eden space 69632K, 0% used [0x00000000d5580000,0x00000000d5580000,0x00000000d9980000)
  from space 232960K, 18% used [0x00000000d9980000,0x00000000dc2b0000,0x00000000e7d00000)
  to   space 232960K, 0% used [0x00000000e8800000,0x00000000e8800000,0x00000000f6b80000)
 ParOldGen       total 1139712K, used 1094857K [0x0000000080000000, 0x00000000c5900000, 0x00000000d5580000)
  object space 1139712K, 96% used [0x0000000080000000,0x00000000c2d32710,0x00000000c5900000)
 Metaspace       used 2503K, capacity 4564K, committed 4864K, reserved 1056768K
  class space    used 268K, capacity 388K, committed 512K, reserved 1048576K
}
Event: 22.524 GC heap before
{Heap before GC invocations=33 (full 8):
 PSYoungGen      total 302592K, used 42176K [0x00000000d5580000, 0x00000000f6b80000, 0x0000000100000000)
  eden space 69632K, 0% used [0x00000000d5580000,0x00000000d5580000,0x00000000d9980000)
  from space 232960K, 18% used [0x00000000d9980000,0x00000000dc2b0000,0x00000000e7d00000)
  to   space 232960K, 0% used [0x00000000e8800000,0x00000000e8800000,0x00000000f6b80000)
 ParOldGen       total 1139712K, used 1094857K [0x0000000080000000, 0x00000000c5900000, 0x00000000d5580000)
  object space 1139712K, 96% used [0x0000000080000000,0x00000000c2d32710,0x00000000c5900000)
 Metaspace       used 2503K, capacity 4564K, committed 4864K, reserved 1056768K
  class space    used 268K, capacity 388K, committed 512K, reserved 1048576K

