# JRE version: Java(TM) SE Runtime Environment (8.0_45-b14) (build 1.8.0_45-b14)
# Java VM: Java HotSpot(TM) 64-Bit Server VM (25.45-b02 mixed mode linux-amd64 compressed oops)
Heap:
 PSYoungGen      total 352256K, used 34417K [0x00000000d5580000, 0x00000000fa780000, 0x0000000100000000)
  eden space 119296K, 0% used [0x00000000d5580000,0x00000000d5580000,0x00000000dca00000)
  from space 232960K, 14% used [0x00000000dca00000,0x00000000deb9c740,0x00000000ead80000)
  to   space 232960K, 0% used [0x00000000ec400000,0x00000000ec400000,0x00000000fa780000)
 ParOldGen       total 1013248K, used 1012886K [0x0000000080000000, 0x00000000bdd80000, 0x00000000d5580000)
  object space 1013248K, 99% used [0x0000000080000000,0x00000000bdd259c8,0x00000000bdd80000)
 Metaspace       used 2503K, capacity 4564K, committed 4864K, reserved 1056768K
  class space    used 268K, capacity 388K, committed 512K, reserved 1048576K
GC Heap History (10 events):
Event: 18.095 GC heap after
Heap after GC invocations=22 (full 6):
 PSYoungGen      total 330752K, used 114752K [0x00000000d5580000, 0x00000000f7e00000, 0x0000000100000000)
  eden space 99840K, 0% used [0x00000000d5580000,0x00000000d5580000,0x00000000db700000)
  from space 230912K, 49% used [0x00000000e9c80000,0x00000000f0c90000,0x00000000f7e00000)
  to   space 232960K, 0% used [0x00000000db700000,0x00000000db700000,0x00000000e9a80000)
 ParOldGen       total 761856K, used 613997K [0x0000000080000000, 0x00000000ae800000, 0x00000000d5580000)
  object space 761856K, 80% used [0x0000000080000000,0x00000000a579b4f0,0x00000000ae800000)
 Metaspace       used 2502K, capacity 4564K, committed 4864K, reserved 1056768K
  class space    used 268K, capacity 388K, committed 512K, reserved 1048576K
}
Event: 18.532 GC heap before
{Heap before GC invocations=23 (full 6):
 PSYoungGen      total 330752K, used 214592K [0x00000000d5580000, 0x00000000f7e00000, 0x0000000100000000)
  eden space 99840K, 100% used [0x00000000d5580000,0x00000000db700000,0x00000000db700000)
  from space 230912K, 49% used [0x00000000e9c80000,0x00000000f0c90000,0x00000000f7e00000)
  to   space 232960K, 0% used [0x00000000db700000,0x00000000db700000,0x00000000e9a80000)
 ParOldGen       total 761856K, used 613997K [0x0000000080000000, 0x00000000ae800000, 0x00000000d5580000)
  object space 761856K, 80% used [0x0000000080000000,0x00000000a579b4f0,0x00000000ae800000)
 Metaspace       used 2502K, capacity 4564K, committed 4864K, reserved 1056768K
  class space    used 268K, capacity 388K, committed 512K, reserved 1048576K
Event: 19.223 GC heap after
Heap after GC invocations=23 (full 6):
 PSYoungGen      total 332800K, used 99968K [0x00000000d5580000, 0x00000000f9380000, 0x0000000100000000)
  eden space 99840K, 0% used [0x00000000d5580000,0x00000000d5580000,0x00000000db700000)
  from space 232960K, 42% used [0x00000000db700000,0x00000000e18a0000,0x00000000e9a80000)
  to   space 232960K, 0% used [0x00000000eb000000,0x00000000eb000000,0x00000000f9380000)
 ParOldGen       total 761856K, used 728989K [0x0000000080000000, 0x00000000ae800000, 0x00000000d5580000)
  object space 761856K, 95% used [0x0000000080000000,0x00000000ac7e74f0,0x00000000ae800000)
 Metaspace       used 2502K, capacity 4564K, committed 4864K, reserved 1056768K
  class space    used 268K, capacity 388K, committed 512K, reserved 1048576K
}
Event: 19.223 GC heap before
{Heap before GC invocations=24 (full 7):
 PSYoungGen      total 332800K, used 99968K [0x00000000d5580000, 0x00000000f9380000, 0x0000000100000000)
  eden space 99840K, 0% used [0x00000000d5580000,0x00000000d5580000,0x00000000db700000)
  from space 232960K, 42% used [0x00000000db700000,0x00000000e18a0000,0x00000000e9a80000)
  to   space 232960K, 0% used [0x00000000eb000000,0x00000000eb000000,0x00000000f9380000)
 ParOldGen       total 761856K, used 728989K [0x0000000080000000, 0x00000000ae800000, 0x00000000d5580000)
  object space 761856K, 95% used [0x0000000080000000,0x00000000ac7e74f0,0x00000000ae800000)
 Metaspace       used 2502K, capacity 4564K, committed 4864K, reserved 1056768K
  class space    used 268K, capacity 388K, committed 512K, reserved 1048576K
Event: 22.153 GC heap after
Heap after GC invocations=24 (full 7):
 PSYoungGen      total 332800K, used 66603K [0x00000000d5580000, 0x00000000f9380000, 0x0000000100000000)
  eden space 99840K, 0% used [0x00000000d5580000,0x00000000d5580000,0x00000000db700000)
  from space 232960K, 28% used [0x00000000db700000,0x00000000df80af18,0x00000000e9a80000)
  to   space 232960K, 0% used [0x00000000eb000000,0x00000000eb000000,0x00000000f9380000)
 ParOldGen       total 1013248K, used 761567K [0x0000000080000000, 0x00000000bdd80000, 0x00000000d5580000)
  object space 1013248K, 75% used [0x0000000080000000,0x00000000ae7b7c28,0x00000000bdd80000)
 Metaspace       used 2502K, capacity 4564K, committed 4864K, reserved 1056768K
  class space    used 268K, capacity 388K, committed 512K, reserved 1048576K
}
Event: 22.754 GC heap before
{Heap before GC invocations=25 (full 7):
 PSYoungGen      total 332800K, used 166443K [0x00000000d5580000, 0x00000000f9380000, 0x0000000100000000)
  eden space 99840K, 100% used [0x00000000d5580000,0x00000000db700000,0x00000000db700000)
  from space 232960K, 28% used [0x00000000db700000,0x00000000df80af18,0x00000000e9a80000)
  to   space 232960K, 0% used [0x00000000eb000000,0x00000000eb000000,0x00000000f9380000)
 ParOldGen       total 1013248K, used 761567K [0x0000000080000000, 0x00000000bdd80000, 0x00000000d5580000)
  object space 1013248K, 75% used [0x0000000080000000,0x00000000ae7b7c28,0x00000000bdd80000)
 Metaspace       used 2503K, capacity 4564K, committed 4864K, reserved 1056768K
  class space    used 268K, capacity 388K, committed 512K, reserved 1048576K
Event: 23.584 GC heap after
Heap after GC invocations=25 (full 7):
 PSYoungGen      total 349696K, used 100000K [0x00000000d5580000, 0x00000000f9100000, 0x0000000100000000)
  eden space 119296K, 0% used [0x00000000d5580000,0x00000000d5580000,0x00000000dca00000)
  from space 230400K, 43% used [0x00000000eb000000,0x00000000f11a8000,0x00000000f9100000)
  to   space 232960K, 0% used [0x00000000dca00000,0x00000000dca00000,0x00000000ead80000)
 ParOldGen       total 1013248K, used 828439K [0x0000000080000000, 0x00000000bdd80000, 0x00000000d5580000)
  object space 1013248K, 81% used [0x0000000080000000,0x00000000b2905c28,0x00000000bdd80000)
 Metaspace       used 2503K, capacity 4564K, committed 4864K, reserved 1056768K
  class space    used 268K, capacity 388K, committed 512K, reserved 1048576K
}
Event: 24.417 GC heap before
{Heap before GC invocations=26 (full 7):
 PSYoungGen      total 349696K, used 219296K [0x00000000d5580000, 0x00000000f9100000, 0x0000000100000000)
  eden space 119296K, 100% used [0x00000000d5580000,0x00000000dca00000,0x00000000dca00000)
  from space 230400K, 43% used [0x00000000eb000000,0x00000000f11a8000,0x00000000f9100000)
  to   space 232960K, 0% used [0x00000000dca00000,0x00000000dca00000,0x00000000ead80000)
 ParOldGen       total 1013248K, used 828439K [0x0000000080000000, 0x00000000bdd80000, 0x00000000d5580000)
  object space 1013248K, 81% used [0x0000000080000000,0x00000000b2905c28,0x00000000bdd80000)
 Metaspace       used 2503K, capacity 4564K, committed 4864K, reserved 1056768K
  class space    used 268K, capacity 388K, committed 512K, reserved 1048576K
Event: 24.934 GC heap after
Heap after GC invocations=26 (full 7):
 PSYoungGen      total 352256K, used 119488K [0x00000000d5580000, 0x00000000fa780000, 0x0000000100000000)
  eden space 119296K, 0% used [0x00000000d5580000,0x00000000d5580000,0x00000000dca00000)
  from space 232960K, 51% used [0x00000000dca00000,0x00000000e3eb0000,0x00000000ead80000)
  to   space 232960K, 0% used [0x00000000ec400000,0x00000000ec400000,0x00000000fa780000)
 ParOldGen       total 1013248K, used 928647K [0x0000000080000000, 0x00000000bdd80000, 0x00000000d5580000)
  object space 1013248K, 91% used [0x0000000080000000,0x00000000b8ae1c28,0x00000000bdd80000)
 Metaspace       used 2503K, capacity 4564K, committed 4864K, reserved 1056768K
  class space    used 268K, capacity 388K, committed 512K, reserved 1048576K
}
Event: 24.934 GC heap before
{Heap before GC invocations=27 (full 8):
 PSYoungGen      total 352256K, used 119488K [0x00000000d5580000, 0x00000000fa780000, 0x0000000100000000)
  eden space 119296K, 0% used [0x00000000d5580000,0x00000000d5580000,0x00000000dca00000)
  from space 232960K, 51% used [0x00000000dca00000,0x00000000e3eb0000,0x00000000ead80000)
  to   space 232960K, 0% used [0x00000000ec400000,0x00000000ec400000,0x00000000fa780000)
 ParOldGen       total 1013248K, used 928647K [0x0000000080000000, 0x00000000bdd80000, 0x00000000d5580000)
  object space 1013248K, 91% used [0x0000000080000000,0x00000000b8ae1c28,0x00000000bdd80000)
 Metaspace       used 2503K, capacity 4564K, committed 4864K, reserved 1056768K
  class space    used 268K, capacity 388K, committed 512K, reserved 1048576K

