# JRE version: Java(TM) SE Runtime Environment (8.0_45-b14) (build 1.8.0_45-b14)
# Java VM: Java HotSpot(TM) 64-Bit Server VM (25.45-b02 mixed mode linux-amd64 compressed oops)
Heap:
 PSYoungGen      total 319488K, used 0K [0x00000000d5580000, 0x00000000f7100000, 0x0000000100000000)
  eden space 86528K, 0% used [0x00000000d5580000,0x00000000d5580000,0x00000000daa00000)
  from space 232960K, 0% used [0x00000000e8d80000,0x00000000e8d80000,0x00000000f7100000)
  to   space 232960K, 0% used [0x00000000daa00000,0x00000000daa00000,0x00000000e8d80000)
 ParOldGen       total 1248768K, used 1198265K [0x0000000080000000, 0x00000000cc380000, 0x00000000d5580000)
  object space 1248768K, 95% used [0x0000000080000000,0x00000000c922e508,0x00000000cc380000)
 Metaspace       used 2505K, capacity 4564K, committed 4864K, reserved 1056768K
  class space    used 268K, capacity 388K, committed 512K, reserved 1048576K
GC Heap History (10 events):
Event: 28.754 GC heap after
Heap after GC invocations=37 (full 9):
 PSYoungGen      total 271360K, used 123040K [0x00000000d5580000, 0x00000000f2380000, 0x0000000100000000)
  eden space 69632K, 0% used [0x00000000d5580000,0x00000000d5580000,0x00000000d9980000)
  from space 201728K, 60% used [0x00000000e5e80000,0x00000000ed6a8000,0x00000000f2380000)
  to   space 201728K, 0% used [0x00000000d9980000,0x00000000d9980000,0x00000000e5e80000)
 ParOldGen       total 1248768K, used 966526K [0x0000000080000000, 0x00000000cc380000, 0x00000000d5580000)
  object space 1248768K, 77% used [0x0000000080000000,0x00000000bafdf808,0x00000000cc380000)
 Metaspace       used 2505K, capacity 4564K, committed 4864K, reserved 1056768K
  class space    used 268K, capacity 388K, committed 512K, reserved 1048576K
}
Event: 29.114 GC heap before
{Heap before GC invocations=38 (full 9):
 PSYoungGen      total 271360K, used 192672K [0x00000000d5580000, 0x00000000f2380000, 0x0000000100000000)
  eden space 69632K, 100% used [0x00000000d5580000,0x00000000d9980000,0x00000000d9980000)
  from space 201728K, 60% used [0x00000000e5e80000,0x00000000ed6a8000,0x00000000f2380000)
  to   space 201728K, 0% used [0x00000000d9980000,0x00000000d9980000,0x00000000e5e80000)
 ParOldGen       total 1248768K, used 966526K [0x0000000080000000, 0x00000000cc380000, 0x00000000d5580000)
  object space 1248768K, 77% used [0x0000000080000000,0x00000000bafdf808,0x00000000cc380000)
 Metaspace       used 2505K, capacity 4564K, committed 4864K, reserved 1056768K
  class space    used 268K, capacity 388K, committed 512K, reserved 1048576K
Event: 29.802 GC heap after
Heap after GC invocations=38 (full 9):
 PSYoungGen      total 271360K, used 192672K [0x00000000d5580000, 0x00000000f5d80000, 0x0000000100000000)
  eden space 69632K, 0% used [0x00000000d5580000,0x00000000d5580000,0x00000000d9980000)
  from space 201728K, 95% used [0x00000000d9980000,0x00000000e55a8000,0x00000000e5e80000)
  to   space 226304K, 0% used [0x00000000e8080000,0x00000000e8080000,0x00000000f5d80000)
 ParOldGen       total 1248768K, used 966526K [0x0000000080000000, 0x00000000cc380000, 0x00000000d5580000)
  object space 1248768K, 77% used [0x0000000080000000,0x00000000bafdf808,0x00000000cc380000)
 Metaspace       used 2505K, capacity 4564K, committed 4864K, reserved 1056768K
  class space    used 268K, capacity 388K, committed 512K, reserved 1048576K
}
Event: 30.107 GC heap before
{Heap before GC invocations=39 (full 9):
 PSYoungGen      total 271360K, used 262304K [0x00000000d5580000, 0x00000000f5d80000, 0x0000000100000000)
  eden space 69632K, 100% used [0x00000000d5580000,0x00000000d9980000,0x00000000d9980000)
  from space 201728K, 95% used [0x00000000d9980000,0x00000000e55a8000,0x00000000e5e80000)
  to   space 226304K, 0% used [0x00000000e8080000,0x00000000e8080000,0x00000000f5d80000)
 ParOldGen       total 1248768K, used 966526K [0x0000000080000000, 0x00000000cc380000, 0x00000000d5580000)
  object space 1248768K, 77% used [0x0000000080000000,0x00000000bafdf808,0x00000000cc380000)
 Metaspace       used 2505K, capacity 4564K, committed 4864K, reserved 1056768K
  class space    used 268K, capacity 388K, committed 512K, reserved 1048576K
Event: 30.895 GC heap after
Heap after GC invocations=39 (full 9):
 PSYoungGen      total 299520K, used 226304K [0x00000000d5580000, 0x00000000f6c00000, 0x0000000100000000)
  eden space 73216K, 0% used [0x00000000d5580000,0x00000000d5580000,0x00000000d9d00000)
  from space 226304K, 100% used [0x00000000e8080000,0x00000000f5d80000,0x00000000f5d80000)
  to   space 232960K, 0% used [0x00000000d9d00000,0x00000000d9d00000,0x00000000e8080000)
 ParOldGen       total 1248768K, used 1002694K [0x0000000080000000, 0x00000000cc380000, 0x00000000d5580000)
  object space 1248768K, 80% used [0x0000000080000000,0x00000000bd331808,0x00000000cc380000)
 Metaspace       used 2505K, capacity 4564K, committed 4864K, reserved 1056768K
  class space    used 268K, capacity 388K, committed 512K, reserved 1048576K
}
Event: 31.224 GC heap before
{Heap before GC invocations=40 (full 9):
 PSYoungGen      total 299520K, used 299520K [0x00000000d5580000, 0x00000000f6c00000, 0x0000000100000000)
  eden space 73216K, 100% used [0x00000000d5580000,0x00000000d9d00000,0x00000000d9d00000)
  from space 226304K, 100% used [0x00000000e8080000,0x00000000f5d80000,0x00000000f5d80000)
  to   space 232960K, 0% used [0x00000000d9d00000,0x00000000d9d00000,0x00000000e8080000)
 ParOldGen       total 1248768K, used 1002694K [0x0000000080000000, 0x00000000cc380000, 0x00000000d5580000)
  object space 1248768K, 80% used [0x0000000080000000,0x00000000bd331808,0x00000000cc380000)
 Metaspace       used 2505K, capacity 4564K, committed 4864K, reserved 1056768K
  class space    used 268K, capacity 388K, committed 512K, reserved 1048576K
Event: 32.013 GC heap after
Heap after GC invocations=40 (full 9):
 PSYoungGen      total 306176K, used 201952K [0x00000000d5580000, 0x00000000f7100000, 0x0000000100000000)
  eden space 73216K, 0% used [0x00000000d5580000,0x00000000d5580000,0x00000000d9d00000)
  from space 232960K, 86% used [0x00000000d9d00000,0x00000000e6238000,0x00000000e8080000)
  to   space 232960K, 0% used [0x00000000e8d80000,0x00000000e8d80000,0x00000000f7100000)
 ParOldGen       total 1248768K, used 1100686K [0x0000000080000000, 0x00000000cc380000, 0x00000000d5580000)
  object space 1248768K, 88% used [0x0000000080000000,0x00000000c32e3808,0x00000000cc380000)
 Metaspace       used 2505K, capacity 4564K, committed 4864K, reserved 1056768K
  class space    used 268K, capacity 388K, committed 512K, reserved 1048576K
}
Event: 32.345 GC heap before
{Heap before GC invocations=41 (full 9):
 PSYoungGen      total 306176K, used 275168K [0x00000000d5580000, 0x00000000f7100000, 0x0000000100000000)
  eden space 73216K, 100% used [0x00000000d5580000,0x00000000d9d00000,0x00000000d9d00000)
  from space 232960K, 86% used [0x00000000d9d00000,0x00000000e6238000,0x00000000e8080000)
  to   space 232960K, 0% used [0x00000000e8d80000,0x00000000e8d80000,0x00000000f7100000)
 ParOldGen       total 1248768K, used 1100686K [0x0000000080000000, 0x00000000cc380000, 0x00000000d5580000)
  object space 1248768K, 88% used [0x0000000080000000,0x00000000c32e3808,0x00000000cc380000)
 Metaspace       used 2505K, capacity 4564K, committed 4864K, reserved 1056768K
  class space    used 268K, capacity 388K, committed 512K, reserved 1048576K
Event: 32.920 GC heap after
Heap after GC invocations=41 (full 9):
 PSYoungGen      total 319488K, used 146624K [0x00000000d5580000, 0x00000000f7100000, 0x0000000100000000)
  eden space 86528K, 0% used [0x00000000d5580000,0x00000000d5580000,0x00000000daa00000)
  from space 232960K, 62% used [0x00000000e8d80000,0x00000000f1cb0000,0x00000000f7100000)
  to   space 232960K, 0% used [0x00000000daa00000,0x00000000daa00000,0x00000000e8d80000)
 ParOldGen       total 1248768K, used 1229678K [0x0000000080000000, 0x00000000cc380000, 0x00000000d5580000)
  object space 1248768K, 98% used [0x0000000080000000,0x00000000cb0db808,0x00000000cc380000)
 Metaspace       used 2505K, capacity 4564K, committed 4864K, reserved 1056768K
  class space    used 268K, capacity 388K, committed 512K, reserved 1048576K
}
Event: 32.920 GC heap before
{Heap before GC invocations=42 (full 10):
 PSYoungGen      total 319488K, used 146624K [0x00000000d5580000, 0x00000000f7100000, 0x0000000100000000)
  eden space 86528K, 0% used [0x00000000d5580000,0x00000000d5580000,0x00000000daa00000)
  from space 232960K, 62% used [0x00000000e8d80000,0x00000000f1cb0000,0x00000000f7100000)
  to   space 232960K, 0% used [0x00000000daa00000,0x00000000daa00000,0x00000000e8d80000)
 ParOldGen       total 1248768K, used 1229678K [0x0000000080000000, 0x00000000cc380000, 0x00000000d5580000)
  object space 1248768K, 98% used [0x0000000080000000,0x00000000cb0db808,0x00000000cc380000)
 Metaspace       used 2505K, capacity 4564K, committed 4864K, reserved 1056768K
  class space    used 268K, capacity 388K, committed 512K, reserved 1048576K

