# JRE version: Java(TM) SE Runtime Environment (8.0_45-b14) (build 1.8.0_45-b14)
# Java VM: Java HotSpot(TM) 64-Bit Server VM (25.45-b02 mixed mode linux-amd64 compressed oops)
Heap:
 PSYoungGen      total 47104K, used 47104K [0x00000000ecb80000, 0x00000000eff80000, 0x0000000100000000)
  eden space 45056K, 100% used [0x00000000ecb80000,0x00000000ef780000,0x00000000ef780000)
  from space 2048K, 100% used [0x00000000efd80000,0x00000000eff80000,0x00000000eff80000)
  to   space 2048K, 100% used [0x00000000efb80000,0x00000000efd80000,0x00000000efd80000)
 ParOldGen       total 125440K, used 125439K [0x00000000c6200000, 0x00000000cdc80000, 0x00000000ecb80000)
  object space 125440K, 99% used [0x00000000c6200000,0x00000000cdc7fee8,0x00000000cdc80000)
 Metaspace       used 2502K, capacity 4564K, committed 4864K, reserved 1056768K
  class space    used 268K, capacity 388K, committed 512K, reserved 1048576K
GC Heap History (10 events):
Event: 0.906 GC heap after
Heap after GC invocations=2 (full 0):
 PSYoungGen      total 32768K, used 2047K [0x00000000ecb80000, 0x00000000eed80000, 0x0000000100000000)
  eden space 30720K, 0% used [0x00000000ecb80000,0x00000000ecb80000,0x00000000ee980000)
  from space 2048K, 99% used [0x00000000eeb80000,0x00000000eed7fff8,0x00000000eed80000)
  to   space 2048K, 0% used [0x00000000ee980000,0x00000000ee980000,0x00000000eeb80000)
 ParOldGen       total 39936K, used 35749K [0x00000000c6200000, 0x00000000c8900000, 0x00000000ecb80000)
  object space 39936K, 89% used [0x00000000c6200000,0x00000000c84e9620,0x00000000c8900000)
 Metaspace       used 2502K, capacity 4564K, committed 4864K, reserved 1056768K
  class space    used 268K, capacity 388K, committed 512K, reserved 1048576K
}
Event: 0.906 GC heap before
{Heap before GC invocations=3 (full 1):
 PSYoungGen      total 32768K, used 2047K [0x00000000ecb80000, 0x00000000eed80000, 0x0000000100000000)
  eden space 30720K, 0% used [0x00000000ecb80000,0x00000000ecb80000,0x00000000ee980000)
  from space 2048K, 99% used [0x00000000eeb80000,0x00000000eed7fff8,0x00000000eed80000)
  to   space 2048K, 0% used [0x00000000ee980000,0x00000000ee980000,0x00000000eeb80000)
 ParOldGen       total 39936K, used 35749K [0x00000000c6200000, 0x00000000c8900000, 0x00000000ecb80000)
  object space 39936K, 89% used [0x00000000c6200000,0x00000000c84e9620,0x00000000c8900000)
 Metaspace       used 2502K, capacity 4564K, committed 4864K, reserved 1056768K
  class space    used 268K, capacity 388K, committed 512K, reserved 1048576K
Event: 1.068 GC heap after
Heap after GC invocations=3 (full 1):
 PSYoungGen      total 32768K, used 0K [0x00000000ecb80000, 0x00000000eed80000, 0x0000000100000000)
  eden space 30720K, 0% used [0x00000000ecb80000,0x00000000ecb80000,0x00000000ee980000)
  from space 2048K, 0% used [0x00000000eeb80000,0x00000000eeb80000,0x00000000eed80000)
  to   space 2048K, 0% used [0x00000000ee980000,0x00000000ee980000,0x00000000eeb80000)
 ParOldGen       total 75264K, used 37720K [0x00000000c6200000, 0x00000000cab80000, 0x00000000ecb80000)
  object space 75264K, 50% used [0x00000000c6200000,0x00000000c86d6100,0x00000000cab80000)
 Metaspace       used 2502K, capacity 4564K, committed 4864K, reserved 1056768K
  class space    used 268K, capacity 388K, committed 512K, reserved 1048576K
}
Event: 1.576 GC heap before
{Heap before GC invocations=4 (full 1):
 PSYoungGen      total 32768K, used 30720K [0x00000000ecb80000, 0x00000000eed80000, 0x0000000100000000)
  eden space 30720K, 100% used [0x00000000ecb80000,0x00000000ee980000,0x00000000ee980000)
  from space 2048K, 0% used [0x00000000eeb80000,0x00000000eeb80000,0x00000000eed80000)
  to   space 2048K, 0% used [0x00000000ee980000,0x00000000ee980000,0x00000000eeb80000)
 ParOldGen       total 75264K, used 37720K [0x00000000c6200000, 0x00000000cab80000, 0x00000000ecb80000)
  object space 75264K, 50% used [0x00000000c6200000,0x00000000c86d6100,0x00000000cab80000)
 Metaspace       used 2502K, capacity 4564K, committed 4864K, reserved 1056768K
  class space    used 268K, capacity 388K, committed 512K, reserved 1048576K
Event: 2.088 GC heap after
Heap after GC invocations=4 (full 1):
 PSYoungGen      total 32768K, used 2048K [0x00000000ecb80000, 0x00000000eff80000, 0x0000000100000000)
  eden space 30720K, 0% used [0x00000000ecb80000,0x00000000ecb80000,0x00000000ee980000)
  from space 2048K, 100% used [0x00000000ee980000,0x00000000eeb80000,0x00000000eeb80000)
  to   space 2048K, 0% used [0x00000000efd80000,0x00000000efd80000,0x00000000eff80000)
 ParOldGen       total 75264K, used 65536K [0x00000000c6200000, 0x00000000cab80000, 0x00000000ecb80000)
  object space 75264K, 87% used [0x00000000c6200000,0x00000000ca200110,0x00000000cab80000)
 Metaspace       used 2502K, capacity 4564K, committed 4864K, reserved 1056768K
  class space    used 268K, capacity 388K, committed 512K, reserved 1048576K
}
Event: 2.104 GC heap before
{Heap before GC invocations=5 (full 2):
 PSYoungGen      total 32768K, used 2048K [0x00000000ecb80000, 0x00000000eff80000, 0x0000000100000000)
  eden space 30720K, 0% used [0x00000000ecb80000,0x00000000ecb80000,0x00000000ee980000)
  from space 2048K, 100% used [0x00000000ee980000,0x00000000eeb80000,0x00000000eeb80000)
  to   space 2048K, 0% used [0x00000000efd80000,0x00000000efd80000,0x00000000eff80000)
 ParOldGen       total 75264K, used 65536K [0x00000000c6200000, 0x00000000cab80000, 0x00000000ecb80000)
  object space 75264K, 87% used [0x00000000c6200000,0x00000000ca200110,0x00000000cab80000)
 Metaspace       used 2502K, capacity 4564K, committed 4864K, reserved 1056768K
  class space    used 268K, capacity 388K, committed 512K, reserved 1048576K
Event: 2.843 GC heap after
Heap after GC invocations=5 (full 2):
 PSYoungGen      total 32768K, used 0K [0x00000000ecb80000, 0x00000000eff80000, 0x0000000100000000)
  eden space 30720K, 0% used [0x00000000ecb80000,0x00000000ecb80000,0x00000000ee980000)
  from space 2048K, 0% used [0x00000000ee980000,0x00000000ee980000,0x00000000eeb80000)
  to   space 2048K, 0% used [0x00000000efd80000,0x00000000efd80000,0x00000000eff80000)
 ParOldGen       total 125440K, used 59175K [0x00000000c6200000, 0x00000000cdc80000, 0x00000000ecb80000)
  object space 125440K, 47% used [0x00000000c6200000,0x00000000c9bc9ed8,0x00000000cdc80000)
 Metaspace       used 2502K, capacity 4564K, committed 4864K, reserved 1056768K
  class space    used 268K, capacity 388K, committed 512K, reserved 1048576K
}
Event: 3.283 GC heap before
{Heap before GC invocations=6 (full 2):
 PSYoungGen      total 32768K, used 30720K [0x00000000ecb80000, 0x00000000eff80000, 0x0000000100000000)
  eden space 30720K, 100% used [0x00000000ecb80000,0x00000000ee980000,0x00000000ee980000)
  from space 2048K, 0% used [0x00000000ee980000,0x00000000ee980000,0x00000000eeb80000)
  to   space 2048K, 0% used [0x00000000efd80000,0x00000000efd80000,0x00000000eff80000)
 ParOldGen       total 125440K, used 59175K [0x00000000c6200000, 0x00000000cdc80000, 0x00000000ecb80000)
  object space 125440K, 47% used [0x00000000c6200000,0x00000000c9bc9ed8,0x00000000cdc80000)
 Metaspace       used 2502K, capacity 4564K, committed 4864K, reserved 1056768K
  class space    used 268K, capacity 388K, committed 512K, reserved 1048576K
Event: 3.967 GC heap after
Heap after GC invocations=6 (full 2):
 PSYoungGen      total 47104K, used 2048K [0x00000000ecb80000, 0x00000000eff80000, 0x0000000100000000)
  eden space 45056K, 0% used [0x00000000ecb80000,0x00000000ecb80000,0x00000000ef780000)
  from space 2048K, 100% used [0x00000000efd80000,0x00000000eff80000,0x00000000eff80000)
  to   space 2048K, 0% used [0x00000000efb80000,0x00000000efb80000,0x00000000efd80000)
 ParOldGen       total 125440K, used 87959K [0x00000000c6200000, 0x00000000cdc80000, 0x00000000ecb80000)
  object space 125440K, 70% used [0x00000000c6200000,0x00000000cb7e5ee8,0x00000000cdc80000)
 Metaspace       used 2502K, capacity 4564K, committed 4864K, reserved 1056768K
  class space    used 268K, capacity 388K, committed 512K, reserved 1048576K
}
Event: 4.892 GC heap before
{Heap before GC invocations=7 (full 2):
 PSYoungGen      total 47104K, used 47104K [0x00000000ecb80000, 0x00000000eff80000, 0x0000000100000000)
  eden space 45056K, 100% used [0x00000000ecb80000,0x00000000ef780000,0x00000000ef780000)
  from space 2048K, 100% used [0x00000000efd80000,0x00000000eff80000,0x00000000eff80000)
  to   space 2048K, 0% used [0x00000000efb80000,0x00000000efb80000,0x00000000efd80000)
 ParOldGen       total 125440K, used 87959K [0x00000000c6200000, 0x00000000cdc80000, 0x00000000ecb80000)
  object space 125440K, 70% used [0x00000000c6200000,0x00000000cb7e5ee8,0x00000000cdc80000)
 Metaspace       used 2502K, capacity 4564K, committed 4864K, reserved 1056768K
  class space    used 268K, capacity 388K, committed 512K, reserved 1048576K

