# JRE version: Java(TM) SE Runtime Environment (8.0_45-b14) (build 1.8.0_45-b14)
# Java VM: Java HotSpot(TM) 64-Bit Server VM (25.45-b02 mixed mode linux-amd64 compressed oops)
Heap:
 PSYoungGen      total 366592K, used 0K [0x00000000d5580000, 0x00000000faf00000, 0x0000000100000000)
  eden space 133632K, 0% used [0x00000000d5580000,0x00000000d5580000,0x00000000dd800000)
  from space 232960K, 0% used [0x00000000dd800000,0x00000000dd800000,0x00000000ebb80000)
  to   space 232960K, 0% used [0x00000000ecb80000,0x00000000ecb80000,0x00000000faf00000)
 ParOldGen       total 1017856K, used 829936K [0x0000000080000000, 0x00000000be200000, 0x00000000d5580000)
  object space 1017856K, 81% used [0x0000000080000000,0x00000000b2a7c3f8,0x00000000be200000)
 Metaspace       used 2506K, capacity 4564K, committed 4864K, reserved 1056768K
  class space    used 268K, capacity 388K, committed 512K, reserved 1048576K
GC Heap History (10 events):
Event: 38.299 GC heap after
Heap after GC invocations=41 (full 9):
 PSYoungGen      total 354816K, used 106623K [0x00000000d5580000, 0x00000000f9400000, 0x0000000100000000)
  eden space 121856K, 0% used [0x00000000d5580000,0x00000000d5580000,0x00000000dcc80000)
  from space 232960K, 45% used [0x00000000eb000000,0x00000000f181fff0,0x00000000f9380000)
  to   space 232960K, 0% used [0x00000000dcc80000,0x00000000dcc80000,0x00000000eb000000)
 ParOldGen       total 778752K, used 715406K [0x0000000080000000, 0x00000000af880000, 0x00000000d5580000)
  object space 778752K, 91% used [0x0000000080000000,0x00000000abaa3b40,0x00000000af880000)
 Metaspace       used 2506K, capacity 4564K, committed 4864K, reserved 1056768K
  class space    used 268K, capacity 388K, committed 512K, reserved 1048576K
}
Event: 38.299 GC heap before
{Heap before GC invocations=42 (full 10):
 PSYoungGen      total 354816K, used 106623K [0x00000000d5580000, 0x00000000f9400000, 0x0000000100000000)
  eden space 121856K, 0% used [0x00000000d5580000,0x00000000d5580000,0x00000000dcc80000)
  from space 232960K, 45% used [0x00000000eb000000,0x00000000f181fff0,0x00000000f9380000)
  to   space 232960K, 0% used [0x00000000dcc80000,0x00000000dcc80000,0x00000000eb000000)
 ParOldGen       total 778752K, used 715406K [0x0000000080000000, 0x00000000af880000, 0x00000000d5580000)
  object space 778752K, 91% used [0x0000000080000000,0x00000000abaa3b40,0x00000000af880000)
 Metaspace       used 2506K, capacity 4564K, committed 4864K, reserved 1056768K
  class space    used 268K, capacity 388K, committed 512K, reserved 1048576K
Event: 42.210 GC heap after
Heap after GC invocations=42 (full 10):
 PSYoungGen      total 354816K, used 0K [0x00000000d5580000, 0x00000000f9400000, 0x0000000100000000)
  eden space 121856K, 0% used [0x00000000d5580000,0x00000000d5580000,0x00000000dcc80000)
  from space 232960K, 0% used [0x00000000eb000000,0x00000000eb000000,0x00000000f9380000)
  to   space 232960K, 0% used [0x00000000dcc80000,0x00000000dcc80000,0x00000000eb000000)
 ParOldGen       total 1017856K, used 698327K [0x0000000080000000, 0x00000000be200000, 0x00000000d5580000)
  object space 1017856K, 68% used [0x0000000080000000,0x00000000aa9f5d10,0x00000000be200000)
 Metaspace       used 2506K, capacity 4564K, committed 4864K, reserved 1056768K
  class space    used 268K, capacity 388K, committed 512K, reserved 1048576K
}
Event: 42.727 GC heap before
{Heap before GC invocations=43 (full 10):
 PSYoungGen      total 354816K, used 121856K [0x00000000d5580000, 0x00000000f9400000, 0x0000000100000000)
  eden space 121856K, 100% used [0x00000000d5580000,0x00000000dcc80000,0x00000000dcc80000)
  from space 232960K, 0% used [0x00000000eb000000,0x00000000eb000000,0x00000000f9380000)
  to   space 232960K, 0% used [0x00000000dcc80000,0x00000000dcc80000,0x00000000eb000000)
 ParOldGen       total 1017856K, used 698327K [0x0000000080000000, 0x00000000be200000, 0x00000000d5580000)
  object space 1017856K, 68% used [0x0000000080000000,0x00000000aa9f5d10,0x00000000be200000)
 Metaspace       used 2506K, capacity 4564K, committed 4864K, reserved 1056768K
  class space    used 268K, capacity 388K, committed 512K, reserved 1048576K
Event: 43.078 GC heap after
Heap after GC invocations=43 (full 10):
 PSYoungGen      total 354816K, used 121983K [0x00000000d5580000, 0x00000000f9e00000, 0x0000000100000000)
  eden space 121856K, 0% used [0x00000000d5580000,0x00000000d5580000,0x00000000dcc80000)
  from space 232960K, 52% used [0x00000000dcc80000,0x00000000e439fff0,0x00000000eb000000)
  to   space 231936K, 0% used [0x00000000ebb80000,0x00000000ebb80000,0x00000000f9e00000)
 ParOldGen       total 1017856K, used 698327K [0x0000000080000000, 0x00000000be200000, 0x00000000d5580000)
  object space 1017856K, 68% used [0x0000000080000000,0x00000000aa9f5d10,0x00000000be200000)
 Metaspace       used 2506K, capacity 4564K, committed 4864K, reserved 1056768K
  class space    used 268K, capacity 388K, committed 512K, reserved 1048576K
}
Event: 43.548 GC heap before
{Heap before GC invocations=44 (full 10):
 PSYoungGen      total 354816K, used 243839K [0x00000000d5580000, 0x00000000f9e00000, 0x0000000100000000)
  eden space 121856K, 100% used [0x00000000d5580000,0x00000000dcc80000,0x00000000dcc80000)
  from space 232960K, 52% used [0x00000000dcc80000,0x00000000e439fff0,0x00000000eb000000)
  to   space 231936K, 0% used [0x00000000ebb80000,0x00000000ebb80000,0x00000000f9e00000)
 ParOldGen       total 1017856K, used 698327K [0x0000000080000000, 0x00000000be200000, 0x00000000d5580000)
  object space 1017856K, 68% used [0x0000000080000000,0x00000000aa9f5d10,0x00000000be200000)
 Metaspace       used 2506K, capacity 4564K, committed 4864K, reserved 1056768K
  class space    used 268K, capacity 388K, committed 512K, reserved 1048576K
Event: 44.142 GC heap after
Heap after GC invocations=44 (full 10):
 PSYoungGen      total 365568K, used 231935K [0x00000000d5580000, 0x00000000fa100000, 0x0000000100000000)
  eden space 133632K, 0% used [0x00000000d5580000,0x00000000d5580000,0x00000000dd800000)
  from space 231936K, 99% used [0x00000000ebb80000,0x00000000f9dfffe0,0x00000000f9e00000)
  to   space 232960K, 0% used [0x00000000dd800000,0x00000000dd800000,0x00000000ebb80000)
 ParOldGen       total 1017856K, used 710335K [0x0000000080000000, 0x00000000be200000, 0x00000000d5580000)
  object space 1017856K, 69% used [0x0000000080000000,0x00000000ab5afd10,0x00000000be200000)
 Metaspace       used 2506K, capacity 4564K, committed 4864K, reserved 1056768K
  class space    used 268K, capacity 388K, committed 512K, reserved 1048576K
}
Event: 44.706 GC heap before
{Heap before GC invocations=45 (full 10):
 PSYoungGen      total 365568K, used 365567K [0x00000000d5580000, 0x00000000fa100000, 0x0000000100000000)
  eden space 133632K, 100% used [0x00000000d5580000,0x00000000dd800000,0x00000000dd800000)
  from space 231936K, 99% used [0x00000000ebb80000,0x00000000f9dfffe0,0x00000000f9e00000)
  to   space 232960K, 0% used [0x00000000dd800000,0x00000000dd800000,0x00000000ebb80000)
 ParOldGen       total 1017856K, used 710335K [0x0000000080000000, 0x00000000be200000, 0x00000000d5580000)
  object space 1017856K, 69% used [0x0000000080000000,0x00000000ab5afd10,0x00000000be200000)
 Metaspace       used 2506K, capacity 4564K, committed 4864K, reserved 1056768K
  class space    used 268K, capacity 388K, committed 512K, reserved 1048576K
Event: 45.693 GC heap after
Heap after GC invocations=45 (full 10):
 PSYoungGen      total 366592K, used 133791K [0x00000000d5580000, 0x00000000faf00000, 0x0000000100000000)
  eden space 133632K, 0% used [0x00000000d5580000,0x00000000d5580000,0x00000000dd800000)
  from space 232960K, 57% used [0x00000000dd800000,0x00000000e5aa7ff0,0x00000000ebb80000)
  to   space 232960K, 0% used [0x00000000ecb80000,0x00000000ecb80000,0x00000000faf00000)
 ParOldGen       total 1017856K, used 942839K [0x0000000080000000, 0x00000000be200000, 0x00000000d5580000)
  object space 1017856K, 92% used [0x0000000080000000,0x00000000b98bdcf0,0x00000000be200000)
 Metaspace       used 2506K, capacity 4564K, committed 4864K, reserved 1056768K
  class space    used 268K, capacity 388K, committed 512K, reserved 1048576K
}
Event: 45.693 GC heap before
{Heap before GC invocations=46 (full 11):
 PSYoungGen      total 366592K, used 133791K [0x00000000d5580000, 0x00000000faf00000, 0x0000000100000000)
  eden space 133632K, 0% used [0x00000000d5580000,0x00000000d5580000,0x00000000dd800000)
  from space 232960K, 57% used [0x00000000dd800000,0x00000000e5aa7ff0,0x00000000ebb80000)
  to   space 232960K, 0% used [0x00000000ecb80000,0x00000000ecb80000,0x00000000faf00000)
 ParOldGen       total 1017856K, used 942839K [0x0000000080000000, 0x00000000be200000, 0x00000000d5580000)
  object space 1017856K, 92% used [0x0000000080000000,0x00000000b98bdcf0,0x00000000be200000)
 Metaspace       used 2506K, capacity 4564K, committed 4864K, reserved 1056768K
  class space    used 268K, capacity 388K, committed 512K, reserved 1048576K

