# JRE version: Java(TM) SE Runtime Environment (8.0_45-b14) (build 1.8.0_45-b14)
# Java VM: Java HotSpot(TM) 64-Bit Server VM (25.45-b02 mixed mode linux-amd64 compressed oops)
Heap:
 PSYoungGen      total 374784K, used 0K [0x00000000d5580000, 0x00000000fb580000, 0x0000000100000000)
  eden space 141824K, 0% used [0x00000000d5580000,0x00000000d5580000,0x00000000de000000)
  from space 232960K, 0% used [0x00000000de000000,0x00000000de000000,0x00000000ec380000)
  to   space 228352K, 0% used [0x00000000ed680000,0x00000000ed680000,0x00000000fb580000)
 ParOldGen       total 1307648K, used 1297761K [0x0000000080000000, 0x00000000cfd00000, 0x00000000d5580000)
  object space 1307648K, 99% used [0x0000000080000000,0x00000000cf3587e8,0x00000000cfd00000)
 Metaspace       used 2522K, capacity 4564K, committed 4864K, reserved 1056768K
  class space    used 268K, capacity 388K, committed 512K, reserved 1048576K
GC Heap History (10 events):
Event: 24.276 GC heap after
Heap after GC invocations=25 (full 7):
 PSYoungGen      total 351232K, used 103584K [0x00000000d5580000, 0x00000000f9380000, 0x0000000100000000)
  eden space 121856K, 0% used [0x00000000d5580000,0x00000000d5580000,0x00000000dcc80000)
  from space 229376K, 45% used [0x00000000eb380000,0x00000000f18a8000,0x00000000f9380000)
  to   space 232960K, 0% used [0x00000000dcc80000,0x00000000dcc80000,0x00000000eb000000)
 ParOldGen       total 1003008K, used 841992K [0x0000000080000000, 0x00000000bd380000, 0x00000000d5580000)
  object space 1003008K, 83% used [0x0000000080000000,0x00000000b36422c0,0x00000000bd380000)
 Metaspace       used 2504K, capacity 4564K, committed 4864K, reserved 1056768K
  class space    used 268K, capacity 388K, committed 512K, reserved 1048576K
}
Event: 25.129 GC heap before
{Heap before GC invocations=26 (full 7):
 PSYoungGen      total 351232K, used 225440K [0x00000000d5580000, 0x00000000f9380000, 0x0000000100000000)
  eden space 121856K, 100% used [0x00000000d5580000,0x00000000dcc80000,0x00000000dcc80000)
  from space 229376K, 45% used [0x00000000eb380000,0x00000000f18a8000,0x00000000f9380000)
  to   space 232960K, 0% used [0x00000000dcc80000,0x00000000dcc80000,0x00000000eb000000)
 ParOldGen       total 1003008K, used 841992K [0x0000000080000000, 0x00000000bd380000, 0x00000000d5580000)
  object space 1003008K, 83% used [0x0000000080000000,0x00000000b36422c0,0x00000000bd380000)
 Metaspace       used 2504K, capacity 4564K, committed 4864K, reserved 1056768K
  class space    used 268K, capacity 388K, committed 512K, reserved 1048576K
Event: 25.763 GC heap after
Heap after GC invocations=26 (full 7):
 PSYoungGen      total 354816K, used 122080K [0x00000000d5580000, 0x00000000fa900000, 0x0000000100000000)
  eden space 121856K, 0% used [0x00000000d5580000,0x00000000d5580000,0x00000000dcc80000)
  from space 232960K, 52% used [0x00000000dcc80000,0x00000000e43b8000,0x00000000eb000000)
  to   space 232960K, 0% used [0x00000000ec580000,0x00000000ec580000,0x00000000fa900000)
 ParOldGen       total 1003008K, used 945736K [0x0000000080000000, 0x00000000bd380000, 0x00000000d5580000)
  object space 1003008K, 94% used [0x0000000080000000,0x00000000b9b922c0,0x00000000bd380000)
 Metaspace       used 2504K, capacity 4564K, committed 4864K, reserved 1056768K
  class space    used 268K, capacity 388K, committed 512K, reserved 1048576K
}
Event: 25.763 GC heap before
{Heap before GC invocations=27 (full 8):
 PSYoungGen      total 354816K, used 122080K [0x00000000d5580000, 0x00000000fa900000, 0x0000000100000000)
  eden space 121856K, 0% used [0x00000000d5580000,0x00000000d5580000,0x00000000dcc80000)
  from space 232960K, 52% used [0x00000000dcc80000,0x00000000e43b8000,0x00000000eb000000)
  to   space 232960K, 0% used [0x00000000ec580000,0x00000000ec580000,0x00000000fa900000)
 ParOldGen       total 1003008K, used 945736K [0x0000000080000000, 0x00000000bd380000, 0x00000000d5580000)
  object space 1003008K, 94% used [0x0000000080000000,0x00000000b9b922c0,0x00000000bd380000)
 Metaspace       used 2504K, capacity 4564K, committed 4864K, reserved 1056768K
  class space    used 268K, capacity 388K, committed 512K, reserved 1048576K
Event: 28.572 GC heap after
Heap after GC invocations=27 (full 8):
 PSYoungGen      total 354816K, used 64072K [0x00000000d5580000, 0x00000000fa900000, 0x0000000100000000)
  eden space 121856K, 0% used [0x00000000d5580000,0x00000000d5580000,0x00000000dcc80000)
  from space 232960K, 27% used [0x00000000dcc80000,0x00000000e0b122a0,0x00000000eb000000)
  to   space 232960K, 0% used [0x00000000ec580000,0x00000000ec580000,0x00000000fa900000)
 ParOldGen       total 1307648K, used 1002780K [0x0000000080000000, 0x00000000cfd00000, 0x00000000d5580000)
  object space 1307648K, 76% used [0x0000000080000000,0x00000000bd3471a8,0x00000000cfd00000)
 Metaspace       used 2504K, capacity 4564K, committed 4864K, reserved 1056768K
  class space    used 268K, capacity 388K, committed 512K, reserved 1048576K
}
Event: 29.388 GC heap before
{Heap before GC invocations=28 (full 8):
 PSYoungGen      total 354816K, used 185928K [0x00000000d5580000, 0x00000000fa900000, 0x0000000100000000)
  eden space 121856K, 100% used [0x00000000d5580000,0x00000000dcc80000,0x00000000dcc80000)
  from space 232960K, 27% used [0x00000000dcc80000,0x00000000e0b122a0,0x00000000eb000000)
  to   space 232960K, 0% used [0x00000000ec580000,0x00000000ec580000,0x00000000fa900000)
 ParOldGen       total 1307648K, used 1002780K [0x0000000080000000, 0x00000000cfd00000, 0x00000000d5580000)
  object space 1307648K, 76% used [0x0000000080000000,0x00000000bd3471a8,0x00000000cfd00000)
 Metaspace       used 2522K, capacity 4564K, committed 4864K, reserved 1056768K
  class space    used 268K, capacity 388K, committed 512K, reserved 1048576K
Event: 29.960 GC heap after
Heap after GC invocations=28 (full 8):
 PSYoungGen      total 372736K, used 113824K [0x00000000d5580000, 0x00000000fa700000, 0x0000000100000000)
  eden space 141824K, 0% used [0x00000000d5580000,0x00000000d5580000,0x00000000de000000)
  from space 230912K, 49% used [0x00000000ec580000,0x00000000f34a8020,0x00000000fa700000)
  to   space 232960K, 0% used [0x00000000de000000,0x00000000de000000,0x00000000ec380000)
 ParOldGen       total 1307648K, used 1067100K [0x0000000080000000, 0x00000000cfd00000, 0x00000000d5580000)
  object space 1307648K, 81% used [0x0000000080000000,0x00000000c12171a8,0x00000000cfd00000)
 Metaspace       used 2522K, capacity 4564K, committed 4864K, reserved 1056768K
  class space    used 268K, capacity 388K, committed 512K, reserved 1048576K
}
Event: 30.733 GC heap before
{Heap before GC invocations=29 (full 8):
 PSYoungGen      total 372736K, used 255648K [0x00000000d5580000, 0x00000000fa700000, 0x0000000100000000)
  eden space 141824K, 100% used [0x00000000d5580000,0x00000000de000000,0x00000000de000000)
  from space 230912K, 49% used [0x00000000ec580000,0x00000000f34a8020,0x00000000fa700000)
  to   space 232960K, 0% used [0x00000000de000000,0x00000000de000000,0x00000000ec380000)
 ParOldGen       total 1307648K, used 1067100K [0x0000000080000000, 0x00000000cfd00000, 0x00000000d5580000)
  object space 1307648K, 81% used [0x0000000080000000,0x00000000c12171a8,0x00000000cfd00000)
 Metaspace       used 2522K, capacity 4564K, committed 4864K, reserved 1056768K
  class space    used 268K, capacity 388K, committed 512K, reserved 1048576K
Event: 31.269 GC heap after
Heap after GC invocations=29 (full 8):
 PSYoungGen      total 374784K, used 125568K [0x00000000d5580000, 0x00000000fb580000, 0x0000000100000000)
  eden space 141824K, 0% used [0x00000000d5580000,0x00000000d5580000,0x00000000de000000)
  from space 232960K, 53% used [0x00000000de000000,0x00000000e5aa0020,0x00000000ec380000)
  to   space 228352K, 0% used [0x00000000ed680000,0x00000000ed680000,0x00000000fb580000)
 ParOldGen       total 1307648K, used 1172996K [0x0000000080000000, 0x00000000cfd00000, 0x00000000d5580000)
  object space 1307648K, 89% used [0x0000000080000000,0x00000000c79811a8,0x00000000cfd00000)
 Metaspace       used 2522K, capacity 4564K, committed 4864K, reserved 1056768K
  class space    used 268K, capacity 388K, committed 512K, reserved 1048576K
}
Event: 31.269 GC heap before
{Heap before GC invocations=30 (full 9):
 PSYoungGen      total 374784K, used 125568K [0x00000000d5580000, 0x00000000fb580000, 0x0000000100000000)
  eden space 141824K, 0% used [0x00000000d5580000,0x00000000d5580000,0x00000000de000000)
  from space 232960K, 53% used [0x00000000de000000,0x00000000e5aa0020,0x00000000ec380000)
  to   space 228352K, 0% used [0x00000000ed680000,0x00000000ed680000,0x00000000fb580000)
 ParOldGen       total 1307648K, used 1172996K [0x0000000080000000, 0x00000000cfd00000, 0x00000000d5580000)
  object space 1307648K, 89% used [0x0000000080000000,0x00000000c79811a8,0x00000000cfd00000)
 Metaspace       used 2522K, capacity 4564K, committed 4864K, reserved 1056768K
  class space    used 268K, capacity 388K, committed 512K, reserved 1048576K

