# JRE version: Java(TM) SE Runtime Environment (8.0_45-b14) (build 1.8.0_45-b14)
# Java VM: Java HotSpot(TM) 64-Bit Server VM (25.45-b02 mixed mode linux-amd64 compressed oops)
Heap:
 PSYoungGen      total 199680K, used 69564K [0x00000000ecb80000, 0x00000000ff900000, 0x0000000100000000)
  eden space 94720K, 0% used [0x00000000ecb80000,0x00000000ecb80000,0x00000000f2800000)
  from space 104960K, 66% used [0x00000000f8e80000,0x00000000fd26f000,0x00000000ff500000)
  to   space 104960K, 0% used [0x00000000f2800000,0x00000000f2800000,0x00000000f8e80000)
 ParOldGen       total 356864K, used 356693K [0x00000000c6200000, 0x00000000dbe80000, 0x00000000ecb80000)
  object space 356864K, 99% used [0x00000000c6200000,0x00000000dbe55520,0x00000000dbe80000)
 Metaspace       used 2443K, capacity 4490K, committed 4864K, reserved 1056768K
  class space    used 262K, capacity 386K, committed 512K, reserved 1048576K
GC Heap History (10 events):
Event: 6.760 GC heap after
Heap after GC invocations=10 (full 3):
 PSYoungGen      total 108544K, used 57344K [0x00000000ecb80000, 0x00000000fc300000, 0x0000000100000000)
  eden space 51200K, 0% used [0x00000000ecb80000,0x00000000ecb80000,0x00000000efd80000)
  from space 57344K, 100% used [0x00000000efd80000,0x00000000f3580000,0x00000000f3580000)
  to   space 88576K, 0% used [0x00000000f6c80000,0x00000000f6c80000,0x00000000fc300000)
 ParOldGen       total 228352K, used 174593K [0x00000000c6200000, 0x00000000d4100000, 0x00000000ecb80000)
  object space 228352K, 76% used [0x00000000c6200000,0x00000000d0c80638,0x00000000d4100000)
 Metaspace       used 2443K, capacity 4490K, committed 4864K, reserved 1056768K
  class space    used 262K, capacity 386K, committed 512K, reserved 1048576K
}
Event: 6.760 GC heap before
{Heap before GC invocations=11 (full 4):
 PSYoungGen      total 108544K, used 57344K [0x00000000ecb80000, 0x00000000fc300000, 0x0000000100000000)
  eden space 51200K, 0% used [0x00000000ecb80000,0x00000000ecb80000,0x00000000efd80000)
  from space 57344K, 100% used [0x00000000efd80000,0x00000000f3580000,0x00000000f3580000)
  to   space 88576K, 0% used [0x00000000f6c80000,0x00000000f6c80000,0x00000000fc300000)
 ParOldGen       total 228352K, used 174593K [0x00000000c6200000, 0x00000000d4100000, 0x00000000ecb80000)
  object space 228352K, 76% used [0x00000000c6200000,0x00000000d0c80638,0x00000000d4100000)
 Metaspace       used 2443K, capacity 4490K, committed 4864K, reserved 1056768K
  class space    used 262K, capacity 386K, committed 512K, reserved 1048576K
Event: 9.682 GC heap after
Heap after GC invocations=11 (full 4):
 PSYoungGen      total 108544K, used 3580K [0x00000000ecb80000, 0x00000000fc300000, 0x0000000100000000)
  eden space 51200K, 0% used [0x00000000ecb80000,0x00000000ecb80000,0x00000000efd80000)
  from space 57344K, 6% used [0x00000000efd80000,0x00000000f00ff200,0x00000000f3580000)
  to   space 88576K, 0% used [0x00000000f6c80000,0x00000000f6c80000,0x00000000fc300000)
 ParOldGen       total 356864K, used 228120K [0x00000000c6200000, 0x00000000dbe80000, 0x00000000ecb80000)
  object space 356864K, 63% used [0x00000000c6200000,0x00000000d40c6188,0x00000000dbe80000)
 Metaspace       used 2443K, capacity 4490K, committed 4864K, reserved 1056768K
  class space    used 262K, capacity 386K, committed 512K, reserved 1048576K
}
Event: 9.717 GC heap before
{Heap before GC invocations=12 (full 4):
 PSYoungGen      total 108544K, used 54780K [0x00000000ecb80000, 0x00000000fc300000, 0x0000000100000000)
  eden space 51200K, 100% used [0x00000000ecb80000,0x00000000efd80000,0x00000000efd80000)
  from space 57344K, 6% used [0x00000000efd80000,0x00000000f00ff200,0x00000000f3580000)
  to   space 88576K, 0% used [0x00000000f6c80000,0x00000000f6c80000,0x00000000fc300000)
 ParOldGen       total 356864K, used 228120K [0x00000000c6200000, 0x00000000dbe80000, 0x00000000ecb80000)
  object space 356864K, 63% used [0x00000000c6200000,0x00000000d40c6188,0x00000000dbe80000)
 Metaspace       used 2443K, capacity 4490K, committed 4864K, reserved 1056768K
  class space    used 262K, capacity 386K, committed 512K, reserved 1048576K
Event: 10.118 GC heap after
Heap after GC invocations=12 (full 4):
 PSYoungGen      total 156672K, used 54880K [0x00000000ecb80000, 0x00000000fbf80000, 0x0000000100000000)
  eden space 71680K, 0% used [0x00000000ecb80000,0x00000000ecb80000,0x00000000f1180000)
  from space 84992K, 64% used [0x00000000f6c80000,0x00000000fa218000,0x00000000fbf80000)
  to   space 89088K, 0% used [0x00000000f1180000,0x00000000f1180000,0x00000000f6880000)
 ParOldGen       total 356864K, used 228120K [0x00000000c6200000, 0x00000000dbe80000, 0x00000000ecb80000)
  object space 356864K, 63% used [0x00000000c6200000,0x00000000d40c6188,0x00000000dbe80000)
 Metaspace       used 2443K, capacity 4490K, committed 4864K, reserved 1056768K
  class space    used 262K, capacity 386K, committed 512K, reserved 1048576K
}
Event: 10.158 GC heap before
{Heap before GC invocations=13 (full 4):
 PSYoungGen      total 156672K, used 126560K [0x00000000ecb80000, 0x00000000fbf80000, 0x0000000100000000)
  eden space 71680K, 100% used [0x00000000ecb80000,0x00000000f1180000,0x00000000f1180000)
  from space 84992K, 64% used [0x00000000f6c80000,0x00000000fa218000,0x00000000fbf80000)
  to   space 89088K, 0% used [0x00000000f1180000,0x00000000f1180000,0x00000000f6880000)
 ParOldGen       total 356864K, used 228120K [0x00000000c6200000, 0x00000000dbe80000, 0x00000000ecb80000)
  object space 356864K, 63% used [0x00000000c6200000,0x00000000d40c6188,0x00000000dbe80000)
 Metaspace       used 2443K, capacity 4490K, committed 4864K, reserved 1056768K
  class space    used 262K, capacity 386K, committed 512K, reserved 1048576K
Event: 10.666 GC heap after
Heap after GC invocations=13 (full 4):
 PSYoungGen      total 160768K, used 89088K [0x00000000ecb80000, 0x00000000ff500000, 0x0000000100000000)
  eden space 71680K, 0% used [0x00000000ecb80000,0x00000000ecb80000,0x00000000f1180000)
  from space 89088K, 100% used [0x00000000f1180000,0x00000000f6880000,0x00000000f6880000)
  to   space 104960K, 0% used [0x00000000f8e80000,0x00000000f8e80000,0x00000000ff500000)
 ParOldGen       total 356864K, used 265736K [0x00000000c6200000, 0x00000000dbe80000, 0x00000000ecb80000)
  object space 356864K, 74% used [0x00000000c6200000,0x00000000d6582188,0x00000000dbe80000)
 Metaspace       used 2443K, capacity 4490K, committed 4864K, reserved 1056768K
  class space    used 262K, capacity 386K, committed 512K, reserved 1048576K
}
Event: 10.743 GC heap before
{Heap before GC invocations=14 (full 4):
 PSYoungGen      total 160768K, used 160768K [0x00000000ecb80000, 0x00000000ff500000, 0x0000000100000000)
  eden space 71680K, 100% used [0x00000000ecb80000,0x00000000f1180000,0x00000000f1180000)
  from space 89088K, 100% used [0x00000000f1180000,0x00000000f6880000,0x00000000f6880000)
  to   space 104960K, 0% used [0x00000000f8e80000,0x00000000f8e80000,0x00000000ff500000)
 ParOldGen       total 356864K, used 265736K [0x00000000c6200000, 0x00000000dbe80000, 0x00000000ecb80000)
  object space 356864K, 74% used [0x00000000c6200000,0x00000000d6582188,0x00000000dbe80000)
 Metaspace       used 2443K, capacity 4490K, committed 4864K, reserved 1056768K
  class space    used 262K, capacity 386K, committed 512K, reserved 1048576K
Event: 11.495 GC heap after
Heap after GC invocations=14 (full 4):
 PSYoungGen      total 199680K, used 104960K [0x00000000ecb80000, 0x00000000ff900000, 0x0000000100000000)
  eden space 94720K, 0% used [0x00000000ecb80000,0x00000000ecb80000,0x00000000f2800000)
  from space 104960K, 100% used [0x00000000f8e80000,0x00000000ff500000,0x00000000ff500000)
  to   space 104960K, 0% used [0x00000000f2800000,0x00000000f2800000,0x00000000f8e80000)
 ParOldGen       total 356864K, used 321784K [0x00000000c6200000, 0x00000000dbe80000, 0x00000000ecb80000)
  object space 356864K, 90% used [0x00000000c6200000,0x00000000d9c3e188,0x00000000dbe80000)
 Metaspace       used 2443K, capacity 4490K, committed 4864K, reserved 1056768K
  class space    used 262K, capacity 386K, committed 512K, reserved 1048576K
}
Event: 11.495 GC heap before
{Heap before GC invocations=15 (full 5):
 PSYoungGen      total 199680K, used 104960K [0x00000000ecb80000, 0x00000000ff900000, 0x0000000100000000)
  eden space 94720K, 0% used [0x00000000ecb80000,0x00000000ecb80000,0x00000000f2800000)
  from space 104960K, 100% used [0x00000000f8e80000,0x00000000ff500000,0x00000000ff500000)
  to   space 104960K, 0% used [0x00000000f2800000,0x00000000f2800000,0x00000000f8e80000)
 ParOldGen       total 356864K, used 321784K [0x00000000c6200000, 0x00000000dbe80000, 0x00000000ecb80000)
  object space 356864K, 90% used [0x00000000c6200000,0x00000000d9c3e188,0x00000000dbe80000)
 Metaspace       used 2443K, capacity 4490K, committed 4864K, reserved 1056768K
  class space    used 262K, capacity 386K, committed 512K, reserved 1048576K

