# JRE version: Java(TM) SE Runtime Environment (8.0_45-b14) (build 1.8.0_45-b14)
# Java VM: Java HotSpot(TM) 64-Bit Server VM (25.45-b02 mixed mode linux-amd64 compressed oops)
Heap:
 PSYoungGen      total 191488K, used 49104K [0x00000000ecb80000, 0x00000000ff100000, 0x0000000100000000)
  eden space 86528K, 0% used [0x00000000ecb80000,0x00000000ecb80000,0x00000000f2000000)
  from space 104960K, 46% used [0x00000000f8680000,0x00000000fb674000,0x00000000fed00000)
  to   space 104960K, 0% used [0x00000000f2000000,0x00000000f2000000,0x00000000f8680000)
 ParOldGen       total 372224K, used 372033K [0x00000000c6200000, 0x00000000dcd80000, 0x00000000ecb80000)
  object space 372224K, 99% used [0x00000000c6200000,0x00000000dcd507e0,0x00000000dcd80000)
 Metaspace       used 2440K, capacity 4490K, committed 4864K, reserved 1056768K
  class space    used 262K, capacity 386K, committed 512K, reserved 1048576K
GC Heap History (10 events):
Event: 5.864 GC heap after
Heap after GC invocations=10 (full 3):
 PSYoungGen      total 111104K, used 55808K [0x00000000ecb80000, 0x00000000fc880000, 0x0000000100000000)
  eden space 55296K, 0% used [0x00000000ecb80000,0x00000000ecb80000,0x00000000f0180000)
  from space 55808K, 100% used [0x00000000f0180000,0x00000000f3800000,0x00000000f3800000)
  to   space 87552K, 0% used [0x00000000f7300000,0x00000000f7300000,0x00000000fc880000)
 ParOldGen       total 238080K, used 177162K [0x00000000c6200000, 0x00000000d4a80000, 0x00000000ecb80000)
  object space 238080K, 74% used [0x00000000c6200000,0x00000000d0f028e8,0x00000000d4a80000)
 Metaspace       used 2440K, capacity 4490K, committed 4864K, reserved 1056768K
  class space    used 262K, capacity 386K, committed 512K, reserved 1048576K
}
Event: 5.919 GC heap before
{Heap before GC invocations=11 (full 3):
 PSYoungGen      total 111104K, used 111104K [0x00000000ecb80000, 0x00000000fc880000, 0x0000000100000000)
  eden space 55296K, 100% used [0x00000000ecb80000,0x00000000f0180000,0x00000000f0180000)
  from space 55808K, 100% used [0x00000000f0180000,0x00000000f3800000,0x00000000f3800000)
  to   space 87552K, 0% used [0x00000000f7300000,0x00000000f7300000,0x00000000fc880000)
 ParOldGen       total 238080K, used 177162K [0x00000000c6200000, 0x00000000d4a80000, 0x00000000ecb80000)
  object space 238080K, 74% used [0x00000000c6200000,0x00000000d0f028e8,0x00000000d4a80000)
 Metaspace       used 2440K, capacity 4490K, committed 4864K, reserved 1056768K
  class space    used 262K, capacity 386K, committed 512K, reserved 1048576K
Event: 6.362 GC heap after
Heap after GC invocations=11 (full 3):
 PSYoungGen      total 154112K, used 87552K [0x00000000ecb80000, 0x00000000fef80000, 0x0000000100000000)
  eden space 66560K, 0% used [0x00000000ecb80000,0x00000000ecb80000,0x00000000f0c80000)
  from space 87552K, 100% used [0x00000000f7300000,0x00000000fc880000,0x00000000fc880000)
  to   space 104960K, 0% used [0x00000000f0c80000,0x00000000f0c80000,0x00000000f7300000)
 ParOldGen       total 238080K, used 200842K [0x00000000c6200000, 0x00000000d4a80000, 0x00000000ecb80000)
  object space 238080K, 84% used [0x00000000c6200000,0x00000000d26228e8,0x00000000d4a80000)
 Metaspace       used 2440K, capacity 4490K, committed 4864K, reserved 1056768K
  class space    used 262K, capacity 386K, committed 512K, reserved 1048576K
}
Event: 6.362 GC heap before
{Heap before GC invocations=12 (full 4):
 PSYoungGen      total 154112K, used 87552K [0x00000000ecb80000, 0x00000000fef80000, 0x0000000100000000)
  eden space 66560K, 0% used [0x00000000ecb80000,0x00000000ecb80000,0x00000000f0c80000)
  from space 87552K, 100% used [0x00000000f7300000,0x00000000fc880000,0x00000000fc880000)
  to   space 104960K, 0% used [0x00000000f0c80000,0x00000000f0c80000,0x00000000f7300000)
 ParOldGen       total 238080K, used 200842K [0x00000000c6200000, 0x00000000d4a80000, 0x00000000ecb80000)
  object space 238080K, 84% used [0x00000000c6200000,0x00000000d26228e8,0x00000000d4a80000)
 Metaspace       used 2440K, capacity 4490K, committed 4864K, reserved 1056768K
  class space    used 262K, capacity 386K, committed 512K, reserved 1048576K
Event: 9.670 GC heap after
Heap after GC invocations=12 (full 4):
 PSYoungGen      total 154112K, used 50127K [0x00000000ecb80000, 0x00000000fef80000, 0x0000000100000000)
  eden space 66560K, 0% used [0x00000000ecb80000,0x00000000ecb80000,0x00000000f0c80000)
  from space 87552K, 57% used [0x00000000f7300000,0x00000000fa3f3c00,0x00000000fc880000)
  to   space 104960K, 0% used [0x00000000f0c80000,0x00000000f0c80000,0x00000000f7300000)
 ParOldGen       total 372224K, used 237893K [0x00000000c6200000, 0x00000000dcd80000, 0x00000000ecb80000)
  object space 372224K, 63% used [0x00000000c6200000,0x00000000d4a51700,0x00000000dcd80000)
 Metaspace       used 2440K, capacity 4490K, committed 4864K, reserved 1056768K
  class space    used 262K, capacity 386K, committed 512K, reserved 1048576K
}
Event: 9.708 GC heap before
{Heap before GC invocations=13 (full 4):
 PSYoungGen      total 154112K, used 116687K [0x00000000ecb80000, 0x00000000fef80000, 0x0000000100000000)
  eden space 66560K, 100% used [0x00000000ecb80000,0x00000000f0c80000,0x00000000f0c80000)
  from space 87552K, 57% used [0x00000000f7300000,0x00000000fa3f3c00,0x00000000fc880000)
  to   space 104960K, 0% used [0x00000000f0c80000,0x00000000f0c80000,0x00000000f7300000)
 ParOldGen       total 372224K, used 237893K [0x00000000c6200000, 0x00000000dcd80000, 0x00000000ecb80000)
  object space 372224K, 63% used [0x00000000c6200000,0x00000000d4a51700,0x00000000dcd80000)
 Metaspace       used 2440K, capacity 4490K, committed 4864K, reserved 1056768K
  class space    used 262K, capacity 386K, committed 512K, reserved 1048576K
Event: 10.272 GC heap after
Heap after GC invocations=13 (full 4):
 PSYoungGen      total 171520K, used 104960K [0x00000000ecb80000, 0x00000000fed00000, 0x0000000100000000)
  eden space 66560K, 0% used [0x00000000ecb80000,0x00000000ecb80000,0x00000000f0c80000)
  from space 104960K, 100% used [0x00000000f0c80000,0x00000000f7300000,0x00000000f7300000)
  to   space 104960K, 0% used [0x00000000f8680000,0x00000000f8680000,0x00000000fed00000)
 ParOldGen       total 372224K, used 249773K [0x00000000c6200000, 0x00000000dcd80000, 0x00000000ecb80000)
  object space 372224K, 67% used [0x00000000c6200000,0x00000000d55eb700,0x00000000dcd80000)
 Metaspace       used 2440K, capacity 4490K, committed 4864K, reserved 1056768K
  class space    used 262K, capacity 386K, committed 512K, reserved 1048576K
}
Event: 10.339 GC heap before
{Heap before GC invocations=14 (full 4):
 PSYoungGen      total 171520K, used 171520K [0x00000000ecb80000, 0x00000000fed00000, 0x0000000100000000)
  eden space 66560K, 100% used [0x00000000ecb80000,0x00000000f0c80000,0x00000000f0c80000)
  from space 104960K, 100% used [0x00000000f0c80000,0x00000000f7300000,0x00000000f7300000)
  to   space 104960K, 0% used [0x00000000f8680000,0x00000000f8680000,0x00000000fed00000)
 ParOldGen       total 372224K, used 249773K [0x00000000c6200000, 0x00000000dcd80000, 0x00000000ecb80000)
  object space 372224K, 67% used [0x00000000c6200000,0x00000000d55eb700,0x00000000dcd80000)
 Metaspace       used 2440K, capacity 4490K, committed 4864K, reserved 1056768K
  class space    used 262K, capacity 386K, committed 512K, reserved 1048576K
Event: 11.011 GC heap after
Heap after GC invocations=14 (full 4):
 PSYoungGen      total 191488K, used 104960K [0x00000000ecb80000, 0x00000000ff100000, 0x0000000100000000)
  eden space 86528K, 0% used [0x00000000ecb80000,0x00000000ecb80000,0x00000000f2000000)
  from space 104960K, 100% used [0x00000000f8680000,0x00000000fed00000,0x00000000fed00000)
  to   space 104960K, 0% used [0x00000000f2000000,0x00000000f2000000,0x00000000f8680000)
 ParOldGen       total 372224K, used 316597K [0x00000000c6200000, 0x00000000dcd80000, 0x00000000ecb80000)
  object space 372224K, 85% used [0x00000000c6200000,0x00000000d972d700,0x00000000dcd80000)
 Metaspace       used 2440K, capacity 4490K, committed 4864K, reserved 1056768K
  class space    used 262K, capacity 386K, committed 512K, reserved 1048576K
}
Event: 11.012 GC heap before
{Heap before GC invocations=15 (full 5):
 PSYoungGen      total 191488K, used 104960K [0x00000000ecb80000, 0x00000000ff100000, 0x0000000100000000)
  eden space 86528K, 0% used [0x00000000ecb80000,0x00000000ecb80000,0x00000000f2000000)
  from space 104960K, 100% used [0x00000000f8680000,0x00000000fed00000,0x00000000fed00000)
  to   space 104960K, 0% used [0x00000000f2000000,0x00000000f2000000,0x00000000f8680000)
 ParOldGen       total 372224K, used 316597K [0x00000000c6200000, 0x00000000dcd80000, 0x00000000ecb80000)
  object space 372224K, 85% used [0x00000000c6200000,0x00000000d972d700,0x00000000dcd80000)
 Metaspace       used 2440K, capacity 4490K, committed 4864K, reserved 1056768K
  class space    used 262K, capacity 386K, committed 512K, reserved 1048576K

