# JRE version: Java(TM) SE Runtime Environment (8.0_45-b14) (build 1.8.0_45-b14)
# Java VM: Java HotSpot(TM) 64-Bit Server VM (25.45-b02 mixed mode linux-amd64 compressed oops)
Heap:
 PSYoungGen      total 205824K, used 69564K [0x00000000ecb80000, 0x00000000fff80000, 0x0000000100000000)
  eden space 100864K, 0% used [0x00000000ecb80000,0x00000000ecb80000,0x00000000f2e00000)
  from space 104960K, 66% used [0x00000000f9480000,0x00000000fd86f000,0x00000000ffb00000)
  to   space 104960K, 0% used [0x00000000f2e00000,0x00000000f2e00000,0x00000000f9480000)
 ParOldGen       total 380416K, used 380246K [0x00000000c6200000, 0x00000000dd580000, 0x00000000ecb80000)
  object space 380416K, 99% used [0x00000000c6200000,0x00000000dd555aa0,0x00000000dd580000)
 Metaspace       used 2440K, capacity 4490K, committed 4864K, reserved 1056768K
  class space    used 262K, capacity 386K, committed 512K, reserved 1048576K
GC Heap History (10 events):
Event: 6.354 GC heap after
Heap after GC invocations=10 (full 3):
 PSYoungGen      total 115712K, used 57856K [0x00000000ecb80000, 0x00000000fd600000, 0x0000000100000000)
  eden space 57856K, 0% used [0x00000000ecb80000,0x00000000ecb80000,0x00000000f0400000)
  from space 57856K, 100% used [0x00000000f0400000,0x00000000f3c80000,0x00000000f3c80000)
  to   space 91648K, 0% used [0x00000000f7c80000,0x00000000f7c80000,0x00000000fd600000)
 ParOldGen       total 242176K, used 181778K [0x00000000c6200000, 0x00000000d4e80000, 0x00000000ecb80000)
  object space 242176K, 75% used [0x00000000c6200000,0x00000000d1384888,0x00000000d4e80000)
 Metaspace       used 2440K, capacity 4490K, committed 4864K, reserved 1056768K
  class space    used 262K, capacity 386K, committed 512K, reserved 1048576K
}
Event: 6.388 GC heap before
{Heap before GC invocations=11 (full 3):
 PSYoungGen      total 115712K, used 115712K [0x00000000ecb80000, 0x00000000fd600000, 0x0000000100000000)
  eden space 57856K, 100% used [0x00000000ecb80000,0x00000000f0400000,0x00000000f0400000)
  from space 57856K, 100% used [0x00000000f0400000,0x00000000f3c80000,0x00000000f3c80000)
  to   space 91648K, 0% used [0x00000000f7c80000,0x00000000f7c80000,0x00000000fd600000)
 ParOldGen       total 242176K, used 181778K [0x00000000c6200000, 0x00000000d4e80000, 0x00000000ecb80000)
  object space 242176K, 75% used [0x00000000c6200000,0x00000000d1384888,0x00000000d4e80000)
 Metaspace       used 2440K, capacity 4490K, committed 4864K, reserved 1056768K
  class space    used 262K, capacity 386K, committed 512K, reserved 1048576K
Event: 6.780 GC heap after
Heap after GC invocations=11 (full 3):
 PSYoungGen      total 167936K, used 91648K [0x00000000ecb80000, 0x00000000ff580000, 0x0000000100000000)
  eden space 76288K, 0% used [0x00000000ecb80000,0x00000000ecb80000,0x00000000f1600000)
  from space 91648K, 100% used [0x00000000f7c80000,0x00000000fd600000,0x00000000fd600000)
  to   space 104960K, 0% used [0x00000000f1600000,0x00000000f1600000,0x00000000f7c80000)
 ParOldGen       total 242176K, used 205978K [0x00000000c6200000, 0x00000000d4e80000, 0x00000000ecb80000)
  object space 242176K, 85% used [0x00000000c6200000,0x00000000d2b26888,0x00000000d4e80000)
 Metaspace       used 2440K, capacity 4490K, committed 4864K, reserved 1056768K
  class space    used 262K, capacity 386K, committed 512K, reserved 1048576K
}
Event: 6.780 GC heap before
{Heap before GC invocations=12 (full 4):
 PSYoungGen      total 167936K, used 91648K [0x00000000ecb80000, 0x00000000ff580000, 0x0000000100000000)
  eden space 76288K, 0% used [0x00000000ecb80000,0x00000000ecb80000,0x00000000f1600000)
  from space 91648K, 100% used [0x00000000f7c80000,0x00000000fd600000,0x00000000fd600000)
  to   space 104960K, 0% used [0x00000000f1600000,0x00000000f1600000,0x00000000f7c80000)
 ParOldGen       total 242176K, used 205978K [0x00000000c6200000, 0x00000000d4e80000, 0x00000000ecb80000)
  object space 242176K, 85% used [0x00000000c6200000,0x00000000d2b26888,0x00000000d4e80000)
 Metaspace       used 2440K, capacity 4490K, committed 4864K, reserved 1056768K
  class space    used 262K, capacity 386K, committed 512K, reserved 1048576K
Event: 10.588 GC heap after
Heap after GC invocations=12 (full 4):
 PSYoungGen      total 167936K, used 55242K [0x00000000ecb80000, 0x00000000ff580000, 0x0000000100000000)
  eden space 76288K, 0% used [0x00000000ecb80000,0x00000000ecb80000,0x00000000f1600000)
  from space 91648K, 60% used [0x00000000f7c80000,0x00000000fb272800,0x00000000fd600000)
  to   space 104960K, 0% used [0x00000000f1600000,0x00000000f1600000,0x00000000f7c80000)
 ParOldGen       total 380416K, used 241995K [0x00000000c6200000, 0x00000000dd580000, 0x00000000ecb80000)
  object space 380416K, 63% used [0x00000000c6200000,0x00000000d4e52c38,0x00000000dd580000)
 Metaspace       used 2440K, capacity 4490K, committed 4864K, reserved 1056768K
  class space    used 262K, capacity 386K, committed 512K, reserved 1048576K
}
Event: 10.632 GC heap before
{Heap before GC invocations=13 (full 4):
 PSYoungGen      total 167936K, used 131530K [0x00000000ecb80000, 0x00000000ff580000, 0x0000000100000000)
  eden space 76288K, 100% used [0x00000000ecb80000,0x00000000f1600000,0x00000000f1600000)
  from space 91648K, 60% used [0x00000000f7c80000,0x00000000fb272800,0x00000000fd600000)
  to   space 104960K, 0% used [0x00000000f1600000,0x00000000f1600000,0x00000000f7c80000)
 ParOldGen       total 380416K, used 241995K [0x00000000c6200000, 0x00000000dd580000, 0x00000000ecb80000)
  object space 380416K, 63% used [0x00000000c6200000,0x00000000d4e52c38,0x00000000dd580000)
 Metaspace       used 2440K, capacity 4490K, committed 4864K, reserved 1056768K
  class space    used 262K, capacity 386K, committed 512K, reserved 1048576K
Event: 11.407 GC heap after
Heap after GC invocations=13 (full 4):
 PSYoungGen      total 181248K, used 104960K [0x00000000ecb80000, 0x00000000ffb00000, 0x0000000100000000)
  eden space 76288K, 0% used [0x00000000ecb80000,0x00000000ecb80000,0x00000000f1600000)
  from space 104960K, 100% used [0x00000000f1600000,0x00000000f7c80000,0x00000000f7c80000)
  to   space 104960K, 0% used [0x00000000f9480000,0x00000000f9480000,0x00000000ffb00000)
 ParOldGen       total 380416K, used 268779K [0x00000000c6200000, 0x00000000dd580000, 0x00000000ecb80000)
  object space 380416K, 70% used [0x00000000c6200000,0x00000000d687ac38,0x00000000dd580000)
 Metaspace       used 2440K, capacity 4490K, committed 4864K, reserved 1056768K
  class space    used 262K, capacity 386K, committed 512K, reserved 1048576K
}
Event: 11.451 GC heap before
{Heap before GC invocations=14 (full 4):
 PSYoungGen      total 181248K, used 181248K [0x00000000ecb80000, 0x00000000ffb00000, 0x0000000100000000)
  eden space 76288K, 100% used [0x00000000ecb80000,0x00000000f1600000,0x00000000f1600000)
  from space 104960K, 100% used [0x00000000f1600000,0x00000000f7c80000,0x00000000f7c80000)
  to   space 104960K, 0% used [0x00000000f9480000,0x00000000f9480000,0x00000000ffb00000)
 ParOldGen       total 380416K, used 268779K [0x00000000c6200000, 0x00000000dd580000, 0x00000000ecb80000)
  object space 380416K, 70% used [0x00000000c6200000,0x00000000d687ac38,0x00000000dd580000)
 Metaspace       used 2440K, capacity 4490K, committed 4864K, reserved 1056768K
  class space    used 262K, capacity 386K, committed 512K, reserved 1048576K
Event: 12.096 GC heap after
Heap after GC invocations=14 (full 4):
 PSYoungGen      total 205824K, used 104960K [0x00000000ecb80000, 0x00000000fff80000, 0x0000000100000000)
  eden space 100864K, 0% used [0x00000000ecb80000,0x00000000ecb80000,0x00000000f2e00000)
  from space 104960K, 100% used [0x00000000f9480000,0x00000000ffb00000,0x00000000ffb00000)
  to   space 104960K, 0% used [0x00000000f2e00000,0x00000000f2e00000,0x00000000f9480000)
 ParOldGen       total 380416K, used 345371K [0x00000000c6200000, 0x00000000dd580000, 0x00000000ecb80000)
  object space 380416K, 90% used [0x00000000c6200000,0x00000000db346c38,0x00000000dd580000)
 Metaspace       used 2440K, capacity 4490K, committed 4864K, reserved 1056768K
  class space    used 262K, capacity 386K, committed 512K, reserved 1048576K
}
Event: 12.096 GC heap before
{Heap before GC invocations=15 (full 5):
 PSYoungGen      total 205824K, used 104960K [0x00000000ecb80000, 0x00000000fff80000, 0x0000000100000000)
  eden space 100864K, 0% used [0x00000000ecb80000,0x00000000ecb80000,0x00000000f2e00000)
  from space 104960K, 100% used [0x00000000f9480000,0x00000000ffb00000,0x00000000ffb00000)
  to   space 104960K, 0% used [0x00000000f2e00000,0x00000000f2e00000,0x00000000f9480000)
 ParOldGen       total 380416K, used 345371K [0x00000000c6200000, 0x00000000dd580000, 0x00000000ecb80000)
  object space 380416K, 90% used [0x00000000c6200000,0x00000000db346c38,0x00000000dd580000)
 Metaspace       used 2440K, capacity 4490K, committed 4864K, reserved 1056768K
  class space    used 262K, capacity 386K, committed 512K, reserved 1048576K

